[0.007s] Invoking command in '/home/mik/denso_ws/build/bcap_service': AMENT_PREFIX_PATH=/home/mik/denso_ws/install/bcap_core:${AMENT_PREFIX_PATH} CMAKE_PREFIX_PATH=/home/mik/denso_ws/install/bcap_core:/home/mik/gazebo_ws/install/test_ros_gz_bridge:/home/mik/gazebo_ws/install/ros_ign_interfaces:/home/mik/gazebo_ws/install/ros_ign:/home/mik/gazebo_ws/install/ros_ign_image:/home/mik/gazebo_ws/install/ros_ign_gazebo_demos:/home/mik/gazebo_ws/install/ign_ros2_control_demos:/home/mik/gazebo_ws/install/gz_ros2_control_tests:/home/mik/gazebo_ws/install/ros_ign_gazebo:/home/mik/gazebo_ws/install/ros_ign_bridge:/home/mik/gazebo_ws/install/ros_gz:/home/mik/gazebo_ws/install/ros_gz_sim_demos:/home/mik/gazebo_ws/install/ros_gz_sim:/home/mik/gazebo_ws/install/ros_gz_image:/home/mik/gazebo_ws/install/ros_gz_bridge:/home/mik/gazebo_ws/install/ros_gz_interfaces:/home/mik/gazebo_ws/install/ign_ros2_control:/opt/ros/humble LD_LIBRARY_PATH=/home/mik/denso_ws/install/bcap_core/lib:${LD_LIBRARY_PATH} /usr/bin/cmake --build /home/mik/denso_ws/build/bcap_service -- -j8 -l8
[0.038s] [100%] Built target bcap_service
[0.045s] Invoked command in '/home/mik/denso_ws/build/bcap_service' returned '0': AMENT_PREFIX_PATH=/home/mik/denso_ws/install/bcap_core:${AMENT_PREFIX_PATH} CMAKE_PREFIX_PATH=/home/mik/denso_ws/install/bcap_core:/home/mik/gazebo_ws/install/test_ros_gz_bridge:/home/mik/gazebo_ws/install/ros_ign_interfaces:/home/mik/gazebo_ws/install/ros_ign:/home/mik/gazebo_ws/install/ros_ign_image:/home/mik/gazebo_ws/install/ros_ign_gazebo_demos:/home/mik/gazebo_ws/install/ign_ros2_control_demos:/home/mik/gazebo_ws/install/gz_ros2_control_tests:/home/mik/gazebo_ws/install/ros_ign_gazebo:/home/mik/gazebo_ws/install/ros_ign_bridge:/home/mik/gazebo_ws/install/ros_gz:/home/mik/gazebo_ws/install/ros_gz_sim_demos:/home/mik/gazebo_ws/install/ros_gz_sim:/home/mik/gazebo_ws/install/ros_gz_image:/home/mik/gazebo_ws/install/ros_gz_bridge:/home/mik/gazebo_ws/install/ros_gz_interfaces:/home/mik/gazebo_ws/install/ign_ros2_control:/opt/ros/humble LD_LIBRARY_PATH=/home/mik/denso_ws/install/bcap_core/lib:${LD_LIBRARY_PATH} /usr/bin/cmake --build /home/mik/denso_ws/build/bcap_service -- -j8 -l8
[0.060s] Invoking command in '/home/mik/denso_ws/build/bcap_service': AMENT_PREFIX_PATH=/home/mik/denso_ws/install/bcap_core:${AMENT_PREFIX_PATH} CMAKE_PREFIX_PATH=/home/mik/denso_ws/install/bcap_core:/home/mik/gazebo_ws/install/test_ros_gz_bridge:/home/mik/gazebo_ws/install/ros_ign_interfaces:/home/mik/gazebo_ws/install/ros_ign:/home/mik/gazebo_ws/install/ros_ign_image:/home/mik/gazebo_ws/install/ros_ign_gazebo_demos:/home/mik/gazebo_ws/install/ign_ros2_control_demos:/home/mik/gazebo_ws/install/gz_ros2_control_tests:/home/mik/gazebo_ws/install/ros_ign_gazebo:/home/mik/gazebo_ws/install/ros_ign_bridge:/home/mik/gazebo_ws/install/ros_gz:/home/mik/gazebo_ws/install/ros_gz_sim_demos:/home/mik/gazebo_ws/install/ros_gz_sim:/home/mik/gazebo_ws/install/ros_gz_image:/home/mik/gazebo_ws/install/ros_gz_bridge:/home/mik/gazebo_ws/install/ros_gz_interfaces:/home/mik/gazebo_ws/install/ign_ros2_control:/opt/ros/humble LD_LIBRARY_PATH=/home/mik/denso_ws/install/bcap_core/lib:${LD_LIBRARY_PATH} /usr/bin/cmake --install /home/mik/denso_ws/build/bcap_service
[0.064s] -- Install configuration: ""
[0.065s] -- Up-to-date: /home/mik/denso_ws/install/bcap_service/lib/libbcap_service.so
[0.065s] -- Up-to-date: /home/mik/denso_ws/install/bcap_service/include
[0.065s] -- Up-to-date: /home/mik/denso_ws/install/bcap_service/include/bcap_service
[0.065s] -- Up-to-date: /home/mik/denso_ws/install/bcap_service/include/bcap_service/variant_allocator.h
[0.065s] -- Up-to-date: /home/mik/denso_ws/install/bcap_service/include/bcap_service/visibility_control.h
[0.065s] -- Up-to-date: /home/mik/denso_ws/install/bcap_service/include/bcap_service/bcap_service.hpp
[0.065s] -- Up-to-date: /home/mik/denso_ws/install/bcap_service/share/bcap_service/environment/library_path.sh
[0.065s] -- Up-to-date: /home/mik/denso_ws/install/bcap_service/share/bcap_service/environment/library_path.dsv
[0.065s] -- Up-to-date: /home/mik/denso_ws/install/bcap_service/share/ament_index/resource_index/package_run_dependencies/bcap_service
[0.065s] -- Up-to-date: /home/mik/denso_ws/install/bcap_service/share/ament_index/resource_index/parent_prefix_path/bcap_service
[0.065s] -- Up-to-date: /home/mik/denso_ws/install/bcap_service/share/bcap_service/environment/ament_prefix_path.sh
[0.066s] -- Up-to-date: /home/mik/denso_ws/install/bcap_service/share/bcap_service/environment/ament_prefix_path.dsv
[0.066s] -- Up-to-date: /home/mik/denso_ws/install/bcap_service/share/bcap_service/environment/path.sh
[0.066s] -- Up-to-date: /home/mik/denso_ws/install/bcap_service/share/bcap_service/environment/path.dsv
[0.066s] -- Up-to-date: /home/mik/denso_ws/install/bcap_service/share/bcap_service/local_setup.bash
[0.066s] -- Up-to-date: /home/mik/denso_ws/install/bcap_service/share/bcap_service/local_setup.sh
[0.066s] -- Up-to-date: /home/mik/denso_ws/install/bcap_service/share/bcap_service/local_setup.zsh
[0.066s] -- Up-to-date: /home/mik/denso_ws/install/bcap_service/share/bcap_service/local_setup.dsv
[0.066s] -- Installing: /home/mik/denso_ws/install/bcap_service/share/bcap_service/package.dsv
[0.066s] -- Up-to-date: /home/mik/denso_ws/install/bcap_service/share/ament_index/resource_index/packages/bcap_service
[0.068s] -- Up-to-date: /home/mik/denso_ws/install/bcap_service/share/bcap_service/cmake/ament_cmake_export_include_directories-extras.cmake
[0.068s] -- Up-to-date: /home/mik/denso_ws/install/bcap_service/share/bcap_service/cmake/ament_cmake_export_libraries-extras.cmake
[0.068s] -- Up-to-date: /home/mik/denso_ws/install/bcap_service/share/bcap_service/cmake/bcap_serviceConfig.cmake
[0.068s] -- Up-to-date: /home/mik/denso_ws/install/bcap_service/share/bcap_service/cmake/bcap_serviceConfig-version.cmake
[0.068s] -- Up-to-date: /home/mik/denso_ws/install/bcap_service/share/bcap_service/package.xml
[0.069s] Invoked command in '/home/mik/denso_ws/build/bcap_service' returned '0': AMENT_PREFIX_PATH=/home/mik/denso_ws/install/bcap_core:${AMENT_PREFIX_PATH} CMAKE_PREFIX_PATH=/home/mik/denso_ws/install/bcap_core:/home/mik/gazebo_ws/install/test_ros_gz_bridge:/home/mik/gazebo_ws/install/ros_ign_interfaces:/home/mik/gazebo_ws/install/ros_ign:/home/mik/gazebo_ws/install/ros_ign_image:/home/mik/gazebo_ws/install/ros_ign_gazebo_demos:/home/mik/gazebo_ws/install/ign_ros2_control_demos:/home/mik/gazebo_ws/install/gz_ros2_control_tests:/home/mik/gazebo_ws/install/ros_ign_gazebo:/home/mik/gazebo_ws/install/ros_ign_bridge:/home/mik/gazebo_ws/install/ros_gz:/home/mik/gazebo_ws/install/ros_gz_sim_demos:/home/mik/gazebo_ws/install/ros_gz_sim:/home/mik/gazebo_ws/install/ros_gz_image:/home/mik/gazebo_ws/install/ros_gz_bridge:/home/mik/gazebo_ws/install/ros_gz_interfaces:/home/mik/gazebo_ws/install/ign_ros2_control:/opt/ros/humble LD_LIBRARY_PATH=/home/mik/denso_ws/install/bcap_core/lib:${LD_LIBRARY_PATH} /usr/bin/cmake --install /home/mik/denso_ws/build/bcap_service
