-- The C compiler identification is GNU 11.4.0
-- The CXX compiler identification is GNU 11.4.0
-- Detecting C compiler ABI info
-- Detecting C compiler ABI info - done
-- Check for working C compiler: /usr/bin/cc - skipped
-- Detecting C compile features
-- Detecting C compile features - done
-- Detecting CXX compiler ABI info
-- Detecting CXX compiler ABI info - done
-- Check for working CXX compiler: /usr/bin/c++ - skipped
-- Detecting CXX compile features
-- Detecting CXX compile features - done
-- Found ament_cmake: 1.3.8 (/opt/ros/humble/share/ament_cmake/cmake)
-- Found Python3: /usr/bin/python3 (found version "3.10.12") found components: Interpreter 
-- Found denso_robot_hw: 4.0.0 (/home/mik/denso_ws/install/denso_robot_hw/share/denso_robot_hw/cmake)
-- Found rosidl_generator_c: 3.1.5 (/opt/ros/humble/share/rosidl_generator_c/cmake)
-- Found rosidl_adapter: 3.1.5 (/opt/ros/humble/share/rosidl_adapter/cmake)
-- Found rosidl_generator_cpp: 3.1.5 (/opt/ros/humble/share/rosidl_generator_cpp/cmake)
-- Using all available rosidl_typesupport_c: rosidl_typesupport_fastrtps_c;rosidl_typesupport_introspection_c
-- Using all available rosidl_typesupport_cpp: rosidl_typesupport_fastrtps_cpp;rosidl_typesupport_introspection_cpp
-- Found rmw_implementation_cmake: 6.1.1 (/opt/ros/humble/share/rmw_implementation_cmake/cmake)
-- Found rmw_fastrtps_cpp: 6.2.6 (/opt/ros/humble/share/rmw_fastrtps_cpp/cmake)
-- Found TinyXML2 via Config file: TinyXML2_DIR-NOTFOUND
-- Found OpenSSL: /usr/lib/aarch64-linux-gnu/libcrypto.so (found version "3.0.2")  
-- Found TinyXML2 via Config file: TinyXML2_DIR-NOTFOUND
-- Found FastRTPS: /opt/ros/humble/include  
-- Found TinyXML2 via Config file: TinyXML2_DIR-NOTFOUND
-- Found TinyXML2 via Config file: TinyXML2_DIR-NOTFOUND
-- Using RMW implementation 'rmw_fastrtps_cpp' as default
-- Looking for pthread.h
-- Looking for pthread.h - found
-- Performing Test CMAKE_HAVE_LIBC_PTHREAD
-- Performing Test CMAKE_HAVE_LIBC_PTHREAD - Success
-- Found Threads: TRUE  
-- Found ament_lint_auto: 0.12.10 (/opt/ros/humble/share/ament_lint_auto/cmake)
-- Added test 'flake8' to check Python code syntax and style conventions
-- Added test 'lint_cmake' to check CMake code style
-- Added test 'pep257' to check Python code against some of the docstring style conventions in PEP 257
-- Added test 'xmllint' to check XML markup files
-- Configuring done
-- Generating done
-- Build files have been written to: /home/mik/denso_ws/build/denso_robot_bringup
-- Install configuration: ""
-- Installing: /home/mik/denso_ws/install/denso_robot_bringup/share/denso_robot_bringup/config
-- Installing: /home/mik/denso_ws/install/denso_robot_bringup/share/denso_robot_bringup/config/denso_robot_controllers.yaml
-- Installing: /home/mik/denso_ws/install/denso_robot_bringup/share/denso_robot_bringup/config/denso_robot_gazebo_controllers.yaml
-- Installing: /home/mik/denso_ws/install/denso_robot_bringup/share/denso_robot_bringup/launch
-- Installing: /home/mik/denso_ws/install/denso_robot_bringup/share/denso_robot_bringup/launch/denso_robot_bringup.launch.py
-- Installing: /home/mik/denso_ws/install/denso_robot_bringup/share/ament_index/resource_index/package_run_dependencies/denso_robot_bringup
-- Installing: /home/mik/denso_ws/install/denso_robot_bringup/share/ament_index/resource_index/parent_prefix_path/denso_robot_bringup
-- Installing: /home/mik/denso_ws/install/denso_robot_bringup/share/denso_robot_bringup/environment/ament_prefix_path.sh
-- Installing: /home/mik/denso_ws/install/denso_robot_bringup/share/denso_robot_bringup/environment/ament_prefix_path.dsv
-- Installing: /home/mik/denso_ws/install/denso_robot_bringup/share/denso_robot_bringup/environment/path.sh
-- Installing: /home/mik/denso_ws/install/denso_robot_bringup/share/denso_robot_bringup/environment/path.dsv
-- Installing: /home/mik/denso_ws/install/denso_robot_bringup/share/denso_robot_bringup/local_setup.bash
-- Installing: /home/mik/denso_ws/install/denso_robot_bringup/share/denso_robot_bringup/local_setup.sh
-- Installing: /home/mik/denso_ws/install/denso_robot_bringup/share/denso_robot_bringup/local_setup.zsh
-- Installing: /home/mik/denso_ws/install/denso_robot_bringup/share/denso_robot_bringup/local_setup.dsv
-- Installing: /home/mik/denso_ws/install/denso_robot_bringup/share/denso_robot_bringup/package.dsv
-- Installing: /home/mik/denso_ws/install/denso_robot_bringup/share/ament_index/resource_index/packages/denso_robot_bringup
-- Installing: /home/mik/denso_ws/install/denso_robot_bringup/share/denso_robot_bringup/cmake/denso_robot_bringupConfig.cmake
-- Installing: /home/mik/denso_ws/install/denso_robot_bringup/share/denso_robot_bringup/cmake/denso_robot_bringupConfig-version.cmake
-- Installing: /home/mik/denso_ws/install/denso_robot_bringup/share/denso_robot_bringup/package.xml
