[0.007s] Invoking command in '/home/mik/denso_ws/build/denso_robot_bringup': AMENT_PREFIX_PATH=/home/mik/denso_ws/install/denso_robot_hw:/home/mik/denso_ws/install/denso_robot_core:/home/mik/denso_ws/install/bcap_service:/home/mik/denso_ws/install/bcap_core:${AMENT_PREFIX_PATH} CMAKE_PREFIX_PATH=/home/mik/denso_ws/install/denso_robot_hw:/home/mik/denso_ws/install/denso_robot_core:/home/mik/denso_ws/install/bcap_service:/home/mik/denso_ws/install/bcap_core:/opt/ros/humble LD_LIBRARY_PATH=/home/mik/denso_ws/install/denso_robot_hw/lib:/home/mik/denso_ws/install/denso_robot_core/lib:/home/mik/denso_ws/install/bcap_service/lib:/home/mik/denso_ws/install/bcap_core/lib:${LD_LIBRARY_PATH} /usr/bin/cmake /home/mik/denso_ws/src/denso_robot_ros2/denso_robot_bringup -DCMAKE_INSTALL_PREFIX=/home/mik/denso_ws/install/denso_robot_bringup
[0.034s] -- The C compiler identification is GNU 11.4.0
[0.063s] -- The CXX compiler identification is GNU 11.4.0
[0.066s] -- Detecting C compiler ABI info
[0.099s] -- Detecting C compiler ABI info - done
[0.103s] -- Check for working C compiler: /usr/bin/cc - skipped
[0.103s] -- Detecting C compile features
[0.103s] -- Detecting C compile features - done
[0.105s] -- Detecting CXX compiler ABI info
[0.140s] -- Detecting CXX compiler ABI info - done
[0.144s] -- Check for working CXX compiler: /usr/bin/c++ - skipped
[0.144s] -- Detecting CXX compile features
[0.144s] -- Detecting CXX compile features - done
[0.146s] -- Found ament_cmake: 1.3.8 (/opt/ros/humble/share/ament_cmake/cmake)
[0.223s] -- Found Python3: /usr/bin/python3 (found version "3.10.12") found components: Interpreter 
[0.267s] -- Found denso_robot_hw: 4.0.0 (/home/mik/denso_ws/install/denso_robot_hw/share/denso_robot_hw/cmake)
[0.294s] -- Found rosidl_generator_c: 3.1.5 (/opt/ros/humble/share/rosidl_generator_c/cmake)
[0.298s] -- Found rosidl_adapter: 3.1.5 (/opt/ros/humble/share/rosidl_adapter/cmake)
[0.302s] -- Found rosidl_generator_cpp: 3.1.5 (/opt/ros/humble/share/rosidl_generator_cpp/cmake)
[0.310s] -- Using all available rosidl_typesupport_c: rosidl_typesupport_fastrtps_c;rosidl_typesupport_introspection_c
[0.320s] -- Using all available rosidl_typesupport_cpp: rosidl_typesupport_fastrtps_cpp;rosidl_typesupport_introspection_cpp
[0.709s] -- Found rmw_implementation_cmake: 6.1.1 (/opt/ros/humble/share/rmw_implementation_cmake/cmake)
[0.711s] -- Found rmw_fastrtps_cpp: 6.2.6 (/opt/ros/humble/share/rmw_fastrtps_cpp/cmake)
[0.731s] -- Found TinyXML2 via Config file: TinyXML2_DIR-NOTFOUND
[0.751s] -- Found OpenSSL: /usr/lib/aarch64-linux-gnu/libcrypto.so (found version "3.0.2")  
[0.753s] -- Found TinyXML2 via Config file: TinyXML2_DIR-NOTFOUND
[0.760s] -- Found FastRTPS: /opt/ros/humble/include  
[0.766s] -- Found TinyXML2 via Config file: TinyXML2_DIR-NOTFOUND
[0.770s] -- Found TinyXML2 via Config file: TinyXML2_DIR-NOTFOUND
[0.774s] -- Using RMW implementation 'rmw_fastrtps_cpp' as default
[0.780s] -- Looking for pthread.h
[0.815s] -- Looking for pthread.h - found
[0.815s] -- Performing Test CMAKE_HAVE_LIBC_PTHREAD
[0.847s] -- Performing Test CMAKE_HAVE_LIBC_PTHREAD - Success
[0.847s] -- Found Threads: TRUE  
[1.015s] -- Found ament_lint_auto: 0.12.10 (/opt/ros/humble/share/ament_lint_auto/cmake)
[1.053s] -- Added test 'flake8' to check Python code syntax and style conventions
[1.053s] -- Added test 'lint_cmake' to check CMake code style
[1.053s] -- Added test 'pep257' to check Python code against some of the docstring style conventions in PEP 257
[1.054s] -- Added test 'xmllint' to check XML markup files
[1.054s] -- Configuring done
[1.057s] -- Generating done
[1.058s] -- Build files have been written to: /home/mik/denso_ws/build/denso_robot_bringup
[1.063s] Invoked command in '/home/mik/denso_ws/build/denso_robot_bringup' returned '0': AMENT_PREFIX_PATH=/home/mik/denso_ws/install/denso_robot_hw:/home/mik/denso_ws/install/denso_robot_core:/home/mik/denso_ws/install/bcap_service:/home/mik/denso_ws/install/bcap_core:${AMENT_PREFIX_PATH} CMAKE_PREFIX_PATH=/home/mik/denso_ws/install/denso_robot_hw:/home/mik/denso_ws/install/denso_robot_core:/home/mik/denso_ws/install/bcap_service:/home/mik/denso_ws/install/bcap_core:/opt/ros/humble LD_LIBRARY_PATH=/home/mik/denso_ws/install/denso_robot_hw/lib:/home/mik/denso_ws/install/denso_robot_core/lib:/home/mik/denso_ws/install/bcap_service/lib:/home/mik/denso_ws/install/bcap_core/lib:${LD_LIBRARY_PATH} /usr/bin/cmake /home/mik/denso_ws/src/denso_robot_ros2/denso_robot_bringup -DCMAKE_INSTALL_PREFIX=/home/mik/denso_ws/install/denso_robot_bringup
[1.064s] Invoking command in '/home/mik/denso_ws/build/denso_robot_bringup': AMENT_PREFIX_PATH=/home/mik/denso_ws/install/denso_robot_hw:/home/mik/denso_ws/install/denso_robot_core:/home/mik/denso_ws/install/bcap_service:/home/mik/denso_ws/install/bcap_core:${AMENT_PREFIX_PATH} CMAKE_PREFIX_PATH=/home/mik/denso_ws/install/denso_robot_hw:/home/mik/denso_ws/install/denso_robot_core:/home/mik/denso_ws/install/bcap_service:/home/mik/denso_ws/install/bcap_core:/opt/ros/humble LD_LIBRARY_PATH=/home/mik/denso_ws/install/denso_robot_hw/lib:/home/mik/denso_ws/install/denso_robot_core/lib:/home/mik/denso_ws/install/bcap_service/lib:/home/mik/denso_ws/install/bcap_core/lib:${LD_LIBRARY_PATH} /usr/bin/cmake --build /home/mik/denso_ws/build/denso_robot_bringup -- -j8 -l8
[1.081s] Invoked command in '/home/mik/denso_ws/build/denso_robot_bringup' returned '0': AMENT_PREFIX_PATH=/home/mik/denso_ws/install/denso_robot_hw:/home/mik/denso_ws/install/denso_robot_core:/home/mik/denso_ws/install/bcap_service:/home/mik/denso_ws/install/bcap_core:${AMENT_PREFIX_PATH} CMAKE_PREFIX_PATH=/home/mik/denso_ws/install/denso_robot_hw:/home/mik/denso_ws/install/denso_robot_core:/home/mik/denso_ws/install/bcap_service:/home/mik/denso_ws/install/bcap_core:/opt/ros/humble LD_LIBRARY_PATH=/home/mik/denso_ws/install/denso_robot_hw/lib:/home/mik/denso_ws/install/denso_robot_core/lib:/home/mik/denso_ws/install/bcap_service/lib:/home/mik/denso_ws/install/bcap_core/lib:${LD_LIBRARY_PATH} /usr/bin/cmake --build /home/mik/denso_ws/build/denso_robot_bringup -- -j8 -l8
[1.091s] Invoking command in '/home/mik/denso_ws/build/denso_robot_bringup': AMENT_PREFIX_PATH=/home/mik/denso_ws/install/denso_robot_hw:/home/mik/denso_ws/install/denso_robot_core:/home/mik/denso_ws/install/bcap_service:/home/mik/denso_ws/install/bcap_core:${AMENT_PREFIX_PATH} CMAKE_PREFIX_PATH=/home/mik/denso_ws/install/denso_robot_hw:/home/mik/denso_ws/install/denso_robot_core:/home/mik/denso_ws/install/bcap_service:/home/mik/denso_ws/install/bcap_core:/opt/ros/humble LD_LIBRARY_PATH=/home/mik/denso_ws/install/denso_robot_hw/lib:/home/mik/denso_ws/install/denso_robot_core/lib:/home/mik/denso_ws/install/bcap_service/lib:/home/mik/denso_ws/install/bcap_core/lib:${LD_LIBRARY_PATH} /usr/bin/cmake --install /home/mik/denso_ws/build/denso_robot_bringup
[1.094s] -- Install configuration: ""
[1.094s] -- Installing: /home/mik/denso_ws/install/denso_robot_bringup/share/denso_robot_bringup/config
[1.094s] -- Installing: /home/mik/denso_ws/install/denso_robot_bringup/share/denso_robot_bringup/config/denso_robot_controllers.yaml
[1.095s] -- Installing: /home/mik/denso_ws/install/denso_robot_bringup/share/denso_robot_bringup/config/denso_robot_gazebo_controllers.yaml
[1.095s] -- Installing: /home/mik/denso_ws/install/denso_robot_bringup/share/denso_robot_bringup/launch
[1.095s] -- Installing: /home/mik/denso_ws/install/denso_robot_bringup/share/denso_robot_bringup/launch/denso_robot_bringup.launch.py
[1.095s] -- Installing: /home/mik/denso_ws/install/denso_robot_bringup/share/ament_index/resource_index/package_run_dependencies/denso_robot_bringup
[1.095s] -- Installing: /home/mik/denso_ws/install/denso_robot_bringup/share/ament_index/resource_index/parent_prefix_path/denso_robot_bringup
[1.095s] -- Installing: /home/mik/denso_ws/install/denso_robot_bringup/share/denso_robot_bringup/environment/ament_prefix_path.sh
[1.095s] -- Installing: /home/mik/denso_ws/install/denso_robot_bringup/share/denso_robot_bringup/environment/ament_prefix_path.dsv
[1.095s] -- Installing: /home/mik/denso_ws/install/denso_robot_bringup/share/denso_robot_bringup/environment/path.sh
[1.095s] -- Installing: /home/mik/denso_ws/install/denso_robot_bringup/share/denso_robot_bringup/environment/path.dsv
[1.096s] -- Installing: /home/mik/denso_ws/install/denso_robot_bringup/share/denso_robot_bringup/local_setup.bash
[1.096s] -- Installing: /home/mik/denso_ws/install/denso_robot_bringup/share/denso_robot_bringup/local_setup.sh
[1.096s] -- Installing: /home/mik/denso_ws/install/denso_robot_bringup/share/denso_robot_bringup/local_setup.zsh
[1.096s] -- Installing: /home/mik/denso_ws/install/denso_robot_bringup/share/denso_robot_bringup/local_setup.dsv
[1.096s] -- Installing: /home/mik/denso_ws/install/denso_robot_bringup/share/denso_robot_bringup/package.dsv
[1.096s] -- Installing: /home/mik/denso_ws/install/denso_robot_bringup/share/ament_index/resource_index/packages/denso_robot_bringup
[1.096s] -- Installing: /home/mik/denso_ws/install/denso_robot_bringup/share/denso_robot_bringup/cmake/denso_robot_bringupConfig.cmake
[1.096s] -- Installing: /home/mik/denso_ws/install/denso_robot_bringup/share/denso_robot_bringup/cmake/denso_robot_bringupConfig-version.cmake
[1.096s] -- Installing: /home/mik/denso_ws/install/denso_robot_bringup/share/denso_robot_bringup/package.xml
[1.097s] Invoked command in '/home/mik/denso_ws/build/denso_robot_bringup' returned '0': AMENT_PREFIX_PATH=/home/mik/denso_ws/install/denso_robot_hw:/home/mik/denso_ws/install/denso_robot_core:/home/mik/denso_ws/install/bcap_service:/home/mik/denso_ws/install/bcap_core:${AMENT_PREFIX_PATH} CMAKE_PREFIX_PATH=/home/mik/denso_ws/install/denso_robot_hw:/home/mik/denso_ws/install/denso_robot_core:/home/mik/denso_ws/install/bcap_service:/home/mik/denso_ws/install/bcap_core:/opt/ros/humble LD_LIBRARY_PATH=/home/mik/denso_ws/install/denso_robot_hw/lib:/home/mik/denso_ws/install/denso_robot_core/lib:/home/mik/denso_ws/install/bcap_service/lib:/home/mik/denso_ws/install/bcap_core/lib:${LD_LIBRARY_PATH} /usr/bin/cmake --install /home/mik/denso_ws/build/denso_robot_bringup
