[0.324s] Invoking command in '/home/mik/robotica2/Project_Robotica/rosPart/src/robotController': PYTHONPATH=/home/mik/robotica2/Project_Robotica/rosPart/build/robotController/prefix_override:/home/mik/robotica2/Project_Robotica/rosPart/install/robotController/lib/python3.10/site-packages:${PYTHONPATH} /usr/bin/python3 -W ignore:setup.py install is deprecated setup.py egg_info --egg-base ../../build/robotController build --build-base /home/mik/robotica2/Project_Robotica/rosPart/build/robotController/build install --record /home/mik/robotica2/Project_Robotica/rosPart/build/robotController/install.log --single-version-externally-managed install_data
[0.441s] running egg_info
[0.441s] writing ../../build/robotController/robotController.egg-info/PKG-INFO
[0.442s] writing dependency_links to ../../build/robotController/robotController.egg-info/dependency_links.txt
[0.442s] writing entry points to ../../build/robotController/robotController.egg-info/entry_points.txt
[0.442s] writing requirements to ../../build/robotController/robotController.egg-info/requires.txt
[0.442s] writing top-level names to ../../build/robotController/robotController.egg-info/top_level.txt
[0.443s] reading manifest file '../../build/robotController/robotController.egg-info/SOURCES.txt'
[0.443s] writing manifest file '../../build/robotController/robotController.egg-info/SOURCES.txt'
[0.444s] running build
[0.444s] running build_py
[0.444s] copying robotController/camera_control.py -> /home/mik/robotica2/Project_Robotica/rosPart/build/robotController/build/lib/robotController
[0.444s] running install
[0.444s] running install_lib
[0.445s] copying /home/mik/robotica2/Project_Robotica/rosPart/build/robotController/build/lib/robotController/camera_control.py -> /home/mik/robotica2/Project_Robotica/rosPart/install/robotController/lib/python3.10/site-packages/robotController
[0.446s] byte-compiling /home/mik/robotica2/Project_Robotica/rosPart/install/robotController/lib/python3.10/site-packages/robotController/camera_control.py to camera_control.cpython-310.pyc
[0.446s] running install_data
[0.446s] running install_egg_info
[0.447s] removing '/home/mik/robotica2/Project_Robotica/rosPart/install/robotController/lib/python3.10/site-packages/robotController-0.0.0-py3.10.egg-info' (and everything under it)
[0.447s] Copying ../../build/robotController/robotController.egg-info to /home/mik/robotica2/Project_Robotica/rosPart/install/robotController/lib/python3.10/site-packages/robotController-0.0.0-py3.10.egg-info
[0.447s] running install_scripts
[0.458s] Installing camera_control script to /home/mik/robotica2/Project_Robotica/rosPart/install/robotController/lib/robotController
[0.458s] Installing control_node script to /home/mik/robotica2/Project_Robotica/rosPart/install/robotController/lib/robotController
[0.458s] writing list of installed files to '/home/mik/robotica2/Project_Robotica/rosPart/build/robotController/install.log'
[0.472s] Invoked command in '/home/mik/robotica2/Project_Robotica/rosPart/src/robotController' returned '0': PYTHONPATH=/home/mik/robotica2/Project_Robotica/rosPart/build/robotController/prefix_override:/home/mik/robotica2/Project_Robotica/rosPart/install/robotController/lib/python3.10/site-packages:${PYTHONPATH} /usr/bin/python3 -W ignore:setup.py install is deprecated setup.py egg_info --egg-base ../../build/robotController build --build-base /home/mik/robotica2/Project_Robotica/rosPart/build/robotController/build install --record /home/mik/robotica2/Project_Robotica/rosPart/build/robotController/install.log --single-version-externally-managed install_data
