-- The C compiler identification is GNU 11.4.0
-- The CXX compiler identification is GNU 11.4.0
-- Detecting C compiler ABI info
-- Detecting C compiler ABI info - done
-- Check for working C compiler: /usr/bin/cc - skipped
-- Detecting C compile features
-- Detecting C compile features - done
-- Detecting CXX compiler ABI info
-- Detecting CXX compiler ABI info - done
-- Check for working CXX compiler: /usr/bin/c++ - skipped
-- Detecting CXX compile features
-- Detecting CXX compile features - done
-- Found ament_cmake: 1.3.8 (/opt/ros/humble/share/ament_cmake/cmake)
-- Found Python3: /usr/bin/python3 (found version "3.10.12") found components: Interpreter 
-- Found bcap_core: 4.0.0 (/home/mik/denso_ws/install/bcap_core/share/bcap_core/cmake)
-- Found bcap_service: 4.0.0 (/home/mik/denso_ws/install/bcap_service/share/bcap_service/cmake)
-- Found ament_lint_auto: 0.12.10 (/opt/ros/humble/share/ament_lint_auto/cmake)
-- Added test 'cppcheck' to perform static code analysis on C / C++ code
-- Configured cppcheck include dirs: $<BUILD_INTERFACE:/home/mik/denso_ws/src/denso_robot_ros2/denso_robot_core/include>
-- Configured cppcheck exclude dirs and/or files: 
-- Added test 'lint_cmake' to check CMake code style
-- Added test 'uncrustify' to check C / C++ code style
-- Configured uncrustify additional arguments: 
-- Added test 'xmllint' to check XML markup files
-- Configuring done
-- Generating done
-- Build files have been written to: /home/mik/denso_ws/build/denso_robot_core
[  7%] [32mBuilding CXX object CMakeFiles/denso_robot_core.dir/src/denso_base.cpp.o[0m
[ 15%] [32mBuilding CXX object CMakeFiles/denso_robot_core.dir/src/denso_controller.cpp.o[0m
[ 23%] [32mBuilding CXX object CMakeFiles/denso_robot_core.dir/src/denso_controller_rc8.cpp.o[0m
[ 30%] [32mBuilding CXX object CMakeFiles/denso_robot_core.dir/src/denso_controller_rc9.cpp.o[0m
[ 38%] [32mBuilding CXX object CMakeFiles/denso_robot_core.dir/src/denso_controller_rc8_cobotta.cpp.o[0m
[ 46%] [32mBuilding CXX object CMakeFiles/denso_robot_core.dir/src/denso_robot.cpp.o[0m
[ 53%] [32mBuilding CXX object CMakeFiles/denso_robot_core.dir/src/denso_robot_core.cpp.o[0m
[ 61%] [32mBuilding CXX object CMakeFiles/denso_robot_core.dir/src/denso_robot_rc8.cpp.o[0m
[ 69%] [32mBuilding CXX object CMakeFiles/denso_robot_core.dir/src/denso_robot_rc8_cobotta.cpp.o[0m
[ 76%] [32mBuilding CXX object CMakeFiles/denso_robot_core.dir/src/denso_robot_rc9.cpp.o[0m
[ 84%] [32mBuilding CXX object CMakeFiles/denso_robot_core.dir/src/denso_task.cpp.o[0m
[ 92%] [32mBuilding CXX object CMakeFiles/denso_robot_core.dir/src/denso_variable.cpp.o[0m
[100%] [32m[1mLinking CXX shared library libdenso_robot_core.so[0m
[100%] Built target denso_robot_core
-- Install configuration: ""
-- Installing: /home/mik/denso_ws/install/denso_robot_core/share/denso_robot_core/environment/library_path.sh
-- Installing: /home/mik/denso_ws/install/denso_robot_core/share/denso_robot_core/environment/library_path.dsv
-- Installing: /home/mik/denso_ws/install/denso_robot_core/lib/libdenso_robot_core.so
-- Set runtime path of "/home/mik/denso_ws/install/denso_robot_core/lib/libdenso_robot_core.so" to ""
-- Installing: /home/mik/denso_ws/install/denso_robot_core/include
-- Installing: /home/mik/denso_ws/install/denso_robot_core/include/denso_robot_core
-- Installing: /home/mik/denso_ws/install/denso_robot_core/include/denso_robot_core/visibility_control.h
-- Installing: /home/mik/denso_ws/install/denso_robot_core/include/denso_robot_core/denso_robot_rc9.hpp
-- Installing: /home/mik/denso_ws/install/denso_robot_core/include/denso_robot_core/denso_robot_core.hpp
-- Installing: /home/mik/denso_ws/install/denso_robot_core/include/denso_robot_core/denso_robot_rc8.hpp
-- Installing: /home/mik/denso_ws/install/denso_robot_core/include/denso_robot_core/denso_controller.hpp
-- Installing: /home/mik/denso_ws/install/denso_robot_core/include/denso_robot_core/denso_robot.hpp
-- Installing: /home/mik/denso_ws/install/denso_robot_core/include/denso_robot_core/denso_controller_rc8.hpp
-- Installing: /home/mik/denso_ws/install/denso_robot_core/include/denso_robot_core/denso_base.hpp
-- Installing: /home/mik/denso_ws/install/denso_robot_core/include/denso_robot_core/denso_controller_rc8_cobotta.hpp
-- Installing: /home/mik/denso_ws/install/denso_robot_core/include/denso_robot_core/denso_robot_rc8_cobotta.hpp
-- Installing: /home/mik/denso_ws/install/denso_robot_core/include/denso_robot_core/denso_controller_rc9.hpp
-- Installing: /home/mik/denso_ws/install/denso_robot_core/include/denso_robot_core/denso_variable.hpp
-- Installing: /home/mik/denso_ws/install/denso_robot_core/include/denso_robot_core/denso_task.hpp
-- Installing: /home/mik/denso_ws/install/denso_robot_core/share/denso_robot_core/config
-- Installing: /home/mik/denso_ws/install/denso_robot_core/share/denso_robot_core/config/config.xml
-- Installing: /home/mik/denso_ws/install/denso_robot_core/share/ament_index/resource_index/package_run_dependencies/denso_robot_core
-- Installing: /home/mik/denso_ws/install/denso_robot_core/share/ament_index/resource_index/parent_prefix_path/denso_robot_core
-- Installing: /home/mik/denso_ws/install/denso_robot_core/share/denso_robot_core/environment/ament_prefix_path.sh
-- Installing: /home/mik/denso_ws/install/denso_robot_core/share/denso_robot_core/environment/ament_prefix_path.dsv
-- Installing: /home/mik/denso_ws/install/denso_robot_core/share/denso_robot_core/environment/path.sh
-- Installing: /home/mik/denso_ws/install/denso_robot_core/share/denso_robot_core/environment/path.dsv
-- Installing: /home/mik/denso_ws/install/denso_robot_core/share/denso_robot_core/local_setup.bash
-- Installing: /home/mik/denso_ws/install/denso_robot_core/share/denso_robot_core/local_setup.sh
-- Installing: /home/mik/denso_ws/install/denso_robot_core/share/denso_robot_core/local_setup.zsh
-- Installing: /home/mik/denso_ws/install/denso_robot_core/share/denso_robot_core/local_setup.dsv
-- Installing: /home/mik/denso_ws/install/denso_robot_core/share/denso_robot_core/package.dsv
-- Installing: /home/mik/denso_ws/install/denso_robot_core/share/ament_index/resource_index/packages/denso_robot_core
-- Installing: /home/mik/denso_ws/install/denso_robot_core/share/denso_robot_core/cmake/ament_cmake_export_include_directories-extras.cmake
-- Installing: /home/mik/denso_ws/install/denso_robot_core/share/denso_robot_core/cmake/ament_cmake_export_libraries-extras.cmake
-- Installing: /home/mik/denso_ws/install/denso_robot_core/share/denso_robot_core/cmake/denso_robot_coreConfig.cmake
-- Installing: /home/mik/denso_ws/install/denso_robot_core/share/denso_robot_core/cmake/denso_robot_coreConfig-version.cmake
-- Installing: /home/mik/denso_ws/install/denso_robot_core/share/denso_robot_core/package.xml
