[0.005s] Invoking command in '/home/mik/denso_ws/build/denso_robot_ros': AMENT_PREFIX_PATH=/home/mik/denso_ws/install/bcap_service:/home/mik/denso_ws/install/bcap_core:${AMENT_PREFIX_PATH} CMAKE_PREFIX_PATH=/home/mik/denso_ws/install/bcap_service:/home/mik/denso_ws/install/bcap_core:/opt/ros/humble LD_LIBRARY_PATH=/home/mik/denso_ws/install/bcap_service/lib:/home/mik/denso_ws/install/bcap_core/lib:${LD_LIBRARY_PATH} /usr/bin/cmake /home/mik/denso_ws/src/denso_robot_ros2/denso_robot_ros -DCMAKE_INSTALL_PREFIX=/home/mik/denso_ws/install/denso_robot_ros
[0.030s] -- The C compiler identification is GNU 11.4.0
[0.060s] -- The CXX compiler identification is GNU 11.4.0
[0.065s] -- Detecting C compiler ABI info
[0.099s] -- Detecting C compiler ABI info - done
[0.102s] -- Check for working C compiler: /usr/bin/cc - skipped
[0.102s] -- Detecting C compile features
[0.103s] -- Detecting C compile features - done
[0.104s] -- Detecting CXX compiler ABI info
[0.146s] -- Detecting CXX compiler ABI info - done
[0.150s] -- Check for working CXX compiler: /usr/bin/c++ - skipped
[0.150s] -- Detecting CXX compile features
[0.151s] -- Detecting CXX compile features - done
[0.152s] -- Found ament_cmake: 1.3.8 (/opt/ros/humble/share/ament_cmake/cmake)
[0.228s] -- Found Python3: /usr/bin/python3 (found version "3.10.12") found components: Interpreter 
[0.305s] -- Configuring done
[0.306s] -- Generating done
[0.307s] -- Build files have been written to: /home/mik/denso_ws/build/denso_robot_ros
[0.310s] Invoked command in '/home/mik/denso_ws/build/denso_robot_ros' returned '0': AMENT_PREFIX_PATH=/home/mik/denso_ws/install/bcap_service:/home/mik/denso_ws/install/bcap_core:${AMENT_PREFIX_PATH} CMAKE_PREFIX_PATH=/home/mik/denso_ws/install/bcap_service:/home/mik/denso_ws/install/bcap_core:/opt/ros/humble LD_LIBRARY_PATH=/home/mik/denso_ws/install/bcap_service/lib:/home/mik/denso_ws/install/bcap_core/lib:${LD_LIBRARY_PATH} /usr/bin/cmake /home/mik/denso_ws/src/denso_robot_ros2/denso_robot_ros -DCMAKE_INSTALL_PREFIX=/home/mik/denso_ws/install/denso_robot_ros
[0.310s] Invoking command in '/home/mik/denso_ws/build/denso_robot_ros': AMENT_PREFIX_PATH=/home/mik/denso_ws/install/bcap_service:/home/mik/denso_ws/install/bcap_core:${AMENT_PREFIX_PATH} CMAKE_PREFIX_PATH=/home/mik/denso_ws/install/bcap_service:/home/mik/denso_ws/install/bcap_core:/opt/ros/humble LD_LIBRARY_PATH=/home/mik/denso_ws/install/bcap_service/lib:/home/mik/denso_ws/install/bcap_core/lib:${LD_LIBRARY_PATH} /usr/bin/cmake --build /home/mik/denso_ws/build/denso_robot_ros -- -j8 -l8
[0.327s] Invoked command in '/home/mik/denso_ws/build/denso_robot_ros' returned '0': AMENT_PREFIX_PATH=/home/mik/denso_ws/install/bcap_service:/home/mik/denso_ws/install/bcap_core:${AMENT_PREFIX_PATH} CMAKE_PREFIX_PATH=/home/mik/denso_ws/install/bcap_service:/home/mik/denso_ws/install/bcap_core:/opt/ros/humble LD_LIBRARY_PATH=/home/mik/denso_ws/install/bcap_service/lib:/home/mik/denso_ws/install/bcap_core/lib:${LD_LIBRARY_PATH} /usr/bin/cmake --build /home/mik/denso_ws/build/denso_robot_ros -- -j8 -l8
[0.337s] Invoking command in '/home/mik/denso_ws/build/denso_robot_ros': AMENT_PREFIX_PATH=/home/mik/denso_ws/install/bcap_service:/home/mik/denso_ws/install/bcap_core:${AMENT_PREFIX_PATH} CMAKE_PREFIX_PATH=/home/mik/denso_ws/install/bcap_service:/home/mik/denso_ws/install/bcap_core:/opt/ros/humble LD_LIBRARY_PATH=/home/mik/denso_ws/install/bcap_service/lib:/home/mik/denso_ws/install/bcap_core/lib:${LD_LIBRARY_PATH} /usr/bin/cmake --install /home/mik/denso_ws/build/denso_robot_ros
[0.340s] -- Install configuration: ""
[0.340s] -- Installing: /home/mik/denso_ws/install/denso_robot_ros/share/ament_index/resource_index/package_run_dependencies/denso_robot_ros
[0.340s] -- Installing: /home/mik/denso_ws/install/denso_robot_ros/share/ament_index/resource_index/parent_prefix_path/denso_robot_ros
[0.340s] -- Installing: /home/mik/denso_ws/install/denso_robot_ros/share/denso_robot_ros/environment/ament_prefix_path.sh
[0.340s] -- Installing: /home/mik/denso_ws/install/denso_robot_ros/share/denso_robot_ros/environment/ament_prefix_path.dsv
[0.340s] -- Installing: /home/mik/denso_ws/install/denso_robot_ros/share/denso_robot_ros/environment/path.sh
[0.340s] -- Installing: /home/mik/denso_ws/install/denso_robot_ros/share/denso_robot_ros/environment/path.dsv
[0.340s] -- Installing: /home/mik/denso_ws/install/denso_robot_ros/share/denso_robot_ros/local_setup.bash
[0.341s] -- Installing: /home/mik/denso_ws/install/denso_robot_ros/share/denso_robot_ros/local_setup.sh
[0.341s] -- Installing: /home/mik/denso_ws/install/denso_robot_ros/share/denso_robot_ros/local_setup.zsh
[0.341s] -- Installing: /home/mik/denso_ws/install/denso_robot_ros/share/denso_robot_ros/local_setup.dsv
[0.341s] -- Installing: /home/mik/denso_ws/install/denso_robot_ros/share/denso_robot_ros/package.dsv
[0.341s] -- Installing: /home/mik/denso_ws/install/denso_robot_ros/share/ament_index/resource_index/packages/denso_robot_ros
[0.341s] -- Installing: /home/mik/denso_ws/install/denso_robot_ros/share/denso_robot_ros/cmake/denso_robot_rosConfig.cmake
[0.341s] -- Installing: /home/mik/denso_ws/install/denso_robot_ros/share/denso_robot_ros/cmake/denso_robot_rosConfig-version.cmake
[0.341s] -- Installing: /home/mik/denso_ws/install/denso_robot_ros/share/denso_robot_ros/package.xml
[0.343s] Invoked command in '/home/mik/denso_ws/build/denso_robot_ros' returned '0': AMENT_PREFIX_PATH=/home/mik/denso_ws/install/bcap_service:/home/mik/denso_ws/install/bcap_core:${AMENT_PREFIX_PATH} CMAKE_PREFIX_PATH=/home/mik/denso_ws/install/bcap_service:/home/mik/denso_ws/install/bcap_core:/opt/ros/humble LD_LIBRARY_PATH=/home/mik/denso_ws/install/bcap_service/lib:/home/mik/denso_ws/install/bcap_core/lib:${LD_LIBRARY_PATH} /usr/bin/cmake --install /home/mik/denso_ws/build/denso_robot_ros
