[0.012s] Invoking command in '/home/mik/denso_ws/build/denso_robot_moveit_config': CMAKE_PREFIX_PATH=/home/mik/denso_ws/install/denso_robot_description:/home/mik/denso_ws/install/denso_robot_ros:/home/mik/denso_ws/install/denso_robot_moveit_config:/home/mik/denso_ws/install/denso_robot_bringup:/home/mik/denso_ws/install/denso_robot_hw:/home/mik/denso_ws/install/denso_robot_core:/home/mik/denso_ws/install/bcap_service:/home/mik/denso_ws/install/bcap_core:/home/mik/gazebo_ws/install/test_ros_gz_bridge:/home/mik/gazebo_ws/install/ros_ign_interfaces:/home/mik/gazebo_ws/install/ros_ign:/home/mik/gazebo_ws/install/ros_ign_image:/home/mik/gazebo_ws/install/ros_ign_gazebo_demos:/home/mik/gazebo_ws/install/ign_ros2_control_demos:/home/mik/gazebo_ws/install/gz_ros2_control_tests:/home/mik/gazebo_ws/install/ros_ign_gazebo:/home/mik/gazebo_ws/install/ros_ign_bridge:/home/mik/gazebo_ws/install/ros_gz:/home/mik/gazebo_ws/install/ros_gz_sim_demos:/home/mik/gazebo_ws/install/ros_gz_sim:/home/mik/gazebo_ws/install/ros_gz_image:/home/mik/gazebo_ws/install/ros_gz_bridge:/home/mik/gazebo_ws/install/ros_gz_interfaces:/home/mik/gazebo_ws/install/ign_ros2_control:/opt/ros/humble /usr/bin/cmake --build /home/mik/denso_ws/build/denso_robot_moveit_config -- -j8 -l8
[0.045s] Built target ament_cmake_python_copy_denso_robot_moveit_config
[0.205s] running egg_info
[0.206s] writing denso_robot_moveit_config.egg-info/PKG-INFO
[0.207s] writing dependency_links to denso_robot_moveit_config.egg-info/dependency_links.txt
[0.207s] writing top-level names to denso_robot_moveit_config.egg-info/top_level.txt
[0.209s] reading manifest file 'denso_robot_moveit_config.egg-info/SOURCES.txt'
[0.209s] writing manifest file 'denso_robot_moveit_config.egg-info/SOURCES.txt'
[0.228s] Built target ament_cmake_python_build_denso_robot_moveit_config_egg
[0.239s] Invoked command in '/home/mik/denso_ws/build/denso_robot_moveit_config' returned '0': CMAKE_PREFIX_PATH=/home/mik/denso_ws/install/denso_robot_description:/home/mik/denso_ws/install/denso_robot_ros:/home/mik/denso_ws/install/denso_robot_moveit_config:/home/mik/denso_ws/install/denso_robot_bringup:/home/mik/denso_ws/install/denso_robot_hw:/home/mik/denso_ws/install/denso_robot_core:/home/mik/denso_ws/install/bcap_service:/home/mik/denso_ws/install/bcap_core:/home/mik/gazebo_ws/install/test_ros_gz_bridge:/home/mik/gazebo_ws/install/ros_ign_interfaces:/home/mik/gazebo_ws/install/ros_ign:/home/mik/gazebo_ws/install/ros_ign_image:/home/mik/gazebo_ws/install/ros_ign_gazebo_demos:/home/mik/gazebo_ws/install/ign_ros2_control_demos:/home/mik/gazebo_ws/install/gz_ros2_control_tests:/home/mik/gazebo_ws/install/ros_ign_gazebo:/home/mik/gazebo_ws/install/ros_ign_bridge:/home/mik/gazebo_ws/install/ros_gz:/home/mik/gazebo_ws/install/ros_gz_sim_demos:/home/mik/gazebo_ws/install/ros_gz_sim:/home/mik/gazebo_ws/install/ros_gz_image:/home/mik/gazebo_ws/install/ros_gz_bridge:/home/mik/gazebo_ws/install/ros_gz_interfaces:/home/mik/gazebo_ws/install/ign_ros2_control:/opt/ros/humble /usr/bin/cmake --build /home/mik/denso_ws/build/denso_robot_moveit_config -- -j8 -l8
[0.258s] Invoking command in '/home/mik/denso_ws/build/denso_robot_moveit_config': CMAKE_PREFIX_PATH=/home/mik/denso_ws/install/denso_robot_description:/home/mik/denso_ws/install/denso_robot_ros:/home/mik/denso_ws/install/denso_robot_moveit_config:/home/mik/denso_ws/install/denso_robot_bringup:/home/mik/denso_ws/install/denso_robot_hw:/home/mik/denso_ws/install/denso_robot_core:/home/mik/denso_ws/install/bcap_service:/home/mik/denso_ws/install/bcap_core:/home/mik/gazebo_ws/install/test_ros_gz_bridge:/home/mik/gazebo_ws/install/ros_ign_interfaces:/home/mik/gazebo_ws/install/ros_ign:/home/mik/gazebo_ws/install/ros_ign_image:/home/mik/gazebo_ws/install/ros_ign_gazebo_demos:/home/mik/gazebo_ws/install/ign_ros2_control_demos:/home/mik/gazebo_ws/install/gz_ros2_control_tests:/home/mik/gazebo_ws/install/ros_ign_gazebo:/home/mik/gazebo_ws/install/ros_ign_bridge:/home/mik/gazebo_ws/install/ros_gz:/home/mik/gazebo_ws/install/ros_gz_sim_demos:/home/mik/gazebo_ws/install/ros_gz_sim:/home/mik/gazebo_ws/install/ros_gz_image:/home/mik/gazebo_ws/install/ros_gz_bridge:/home/mik/gazebo_ws/install/ros_gz_interfaces:/home/mik/gazebo_ws/install/ign_ros2_control:/opt/ros/humble /usr/bin/cmake --install /home/mik/denso_ws/build/denso_robot_moveit_config
[0.262s] -- Install configuration: ""
[0.262s] -- Up-to-date: /home/mik/denso_ws/install/denso_robot_moveit_config/share/denso_robot_moveit_config/launch
[0.263s] -- Up-to-date: /home/mik/denso_ws/install/denso_robot_moveit_config/share/denso_robot_moveit_config/launch/denso_robot_moveit.launch.py
[0.263s] -- Up-to-date: /home/mik/denso_ws/install/denso_robot_moveit_config/share/denso_robot_moveit_config/config
[0.263s] -- Up-to-date: /home/mik/denso_ws/install/denso_robot_moveit_config/share/denso_robot_moveit_config/config/controllers.yaml
[0.264s] -- Up-to-date: /home/mik/denso_ws/install/denso_robot_moveit_config/share/denso_robot_moveit_config/config/ompl_planning.yaml
[0.264s] -- Up-to-date: /home/mik/denso_ws/install/denso_robot_moveit_config/share/denso_robot_moveit_config/config/denso_robot_servo.yaml
[0.264s] -- Up-to-date: /home/mik/denso_ws/install/denso_robot_moveit_config/share/denso_robot_moveit_config/config/kinematics.yaml
[0.264s] -- Up-to-date: /home/mik/denso_ws/install/denso_robot_moveit_config/share/denso_robot_moveit_config/.setup_assistant
[0.264s] -- Up-to-date: /home/mik/denso_ws/install/denso_robot_moveit_config/share/denso_robot_moveit_config/config
[0.264s] -- Up-to-date: /home/mik/denso_ws/install/denso_robot_moveit_config/share/denso_robot_moveit_config/config/controllers.yaml
[0.264s] -- Up-to-date: /home/mik/denso_ws/install/denso_robot_moveit_config/share/denso_robot_moveit_config/config/ompl_planning.yaml
[0.264s] -- Up-to-date: /home/mik/denso_ws/install/denso_robot_moveit_config/share/denso_robot_moveit_config/config/denso_robot_servo.yaml
[0.264s] -- Up-to-date: /home/mik/denso_ws/install/denso_robot_moveit_config/share/denso_robot_moveit_config/config/kinematics.yaml
[0.264s] -- Up-to-date: /home/mik/denso_ws/install/denso_robot_moveit_config/share/denso_robot_moveit_config/rviz
[0.264s] -- Up-to-date: /home/mik/denso_ws/install/denso_robot_moveit_config/share/denso_robot_moveit_config/rviz/view_robot.rviz
[0.264s] -- Up-to-date: /home/mik/denso_ws/install/denso_robot_moveit_config/share/denso_robot_moveit_config/srdf
[0.264s] -- Up-to-date: /home/mik/denso_ws/install/denso_robot_moveit_config/share/denso_robot_moveit_config/srdf/denso_robot.srdf.xacro
[0.264s] -- Up-to-date: /home/mik/denso_ws/install/denso_robot_moveit_config/share/denso_robot_moveit_config/srdf/denso_robot_macro.srdf.xacro
[0.264s] -- Up-to-date: /home/mik/denso_ws/install/denso_robot_moveit_config/share/denso_robot_moveit_config/environment/pythonpath.sh
[0.264s] -- Up-to-date: /home/mik/denso_ws/install/denso_robot_moveit_config/share/denso_robot_moveit_config/environment/pythonpath.dsv
[0.264s] -- Up-to-date: /home/mik/denso_ws/install/denso_robot_moveit_config/local/lib/python3.10/dist-packages/denso_robot_moveit_config-0.3.0-py3.10.egg-info
[0.265s] -- Installing: /home/mik/denso_ws/install/denso_robot_moveit_config/local/lib/python3.10/dist-packages/denso_robot_moveit_config-0.3.0-py3.10.egg-info/PKG-INFO
[0.265s] -- Installing: /home/mik/denso_ws/install/denso_robot_moveit_config/local/lib/python3.10/dist-packages/denso_robot_moveit_config-0.3.0-py3.10.egg-info/dependency_links.txt
[0.265s] -- Installing: /home/mik/denso_ws/install/denso_robot_moveit_config/local/lib/python3.10/dist-packages/denso_robot_moveit_config-0.3.0-py3.10.egg-info/SOURCES.txt
[0.265s] -- Installing: /home/mik/denso_ws/install/denso_robot_moveit_config/local/lib/python3.10/dist-packages/denso_robot_moveit_config-0.3.0-py3.10.egg-info/top_level.txt
[0.265s] -- Up-to-date: /home/mik/denso_ws/install/denso_robot_moveit_config/local/lib/python3.10/dist-packages/denso_robot_moveit_config
[0.265s] -- Up-to-date: /home/mik/denso_ws/install/denso_robot_moveit_config/local/lib/python3.10/dist-packages/denso_robot_moveit_config/launch_common.py
[0.266s] -- Up-to-date: /home/mik/denso_ws/install/denso_robot_moveit_config/local/lib/python3.10/dist-packages/denso_robot_moveit_config/__init__.py
[0.290s] Listing '/home/mik/denso_ws/install/denso_robot_moveit_config/local/lib/python3.10/dist-packages/denso_robot_moveit_config'...
[0.294s] -- Up-to-date: /home/mik/denso_ws/install/denso_robot_moveit_config/local/lib/python3.10/dist-packages/launch_common.py
[0.323s] -- Up-to-date: /home/mik/denso_ws/install/denso_robot_moveit_config/share/ament_index/resource_index/package_run_dependencies/denso_robot_moveit_config
[0.323s] -- Up-to-date: /home/mik/denso_ws/install/denso_robot_moveit_config/share/ament_index/resource_index/parent_prefix_path/denso_robot_moveit_config
[0.324s] -- Up-to-date: /home/mik/denso_ws/install/denso_robot_moveit_config/share/denso_robot_moveit_config/environment/ament_prefix_path.sh
[0.324s] -- Up-to-date: /home/mik/denso_ws/install/denso_robot_moveit_config/share/denso_robot_moveit_config/environment/ament_prefix_path.dsv
[0.324s] -- Up-to-date: /home/mik/denso_ws/install/denso_robot_moveit_config/share/denso_robot_moveit_config/environment/path.sh
[0.324s] -- Up-to-date: /home/mik/denso_ws/install/denso_robot_moveit_config/share/denso_robot_moveit_config/environment/path.dsv
[0.324s] -- Up-to-date: /home/mik/denso_ws/install/denso_robot_moveit_config/share/denso_robot_moveit_config/local_setup.bash
[0.324s] -- Up-to-date: /home/mik/denso_ws/install/denso_robot_moveit_config/share/denso_robot_moveit_config/local_setup.sh
[0.324s] -- Up-to-date: /home/mik/denso_ws/install/denso_robot_moveit_config/share/denso_robot_moveit_config/local_setup.zsh
[0.324s] -- Up-to-date: /home/mik/denso_ws/install/denso_robot_moveit_config/share/denso_robot_moveit_config/local_setup.dsv
[0.325s] -- Installing: /home/mik/denso_ws/install/denso_robot_moveit_config/share/denso_robot_moveit_config/package.dsv
[0.325s] -- Up-to-date: /home/mik/denso_ws/install/denso_robot_moveit_config/share/ament_index/resource_index/packages/denso_robot_moveit_config
[0.325s] -- Up-to-date: /home/mik/denso_ws/install/denso_robot_moveit_config/share/denso_robot_moveit_config/cmake/denso_robot_moveit_configConfig.cmake
[0.325s] -- Up-to-date: /home/mik/denso_ws/install/denso_robot_moveit_config/share/denso_robot_moveit_config/cmake/denso_robot_moveit_configConfig-version.cmake
[0.325s] -- Up-to-date: /home/mik/denso_ws/install/denso_robot_moveit_config/share/denso_robot_moveit_config/package.xml
[0.326s] Invoked command in '/home/mik/denso_ws/build/denso_robot_moveit_config' returned '0': CMAKE_PREFIX_PATH=/home/mik/denso_ws/install/denso_robot_description:/home/mik/denso_ws/install/denso_robot_ros:/home/mik/denso_ws/install/denso_robot_moveit_config:/home/mik/denso_ws/install/denso_robot_bringup:/home/mik/denso_ws/install/denso_robot_hw:/home/mik/denso_ws/install/denso_robot_core:/home/mik/denso_ws/install/bcap_service:/home/mik/denso_ws/install/bcap_core:/home/mik/gazebo_ws/install/test_ros_gz_bridge:/home/mik/gazebo_ws/install/ros_ign_interfaces:/home/mik/gazebo_ws/install/ros_ign:/home/mik/gazebo_ws/install/ros_ign_image:/home/mik/gazebo_ws/install/ros_ign_gazebo_demos:/home/mik/gazebo_ws/install/ign_ros2_control_demos:/home/mik/gazebo_ws/install/gz_ros2_control_tests:/home/mik/gazebo_ws/install/ros_ign_gazebo:/home/mik/gazebo_ws/install/ros_ign_bridge:/home/mik/gazebo_ws/install/ros_gz:/home/mik/gazebo_ws/install/ros_gz_sim_demos:/home/mik/gazebo_ws/install/ros_gz_sim:/home/mik/gazebo_ws/install/ros_gz_image:/home/mik/gazebo_ws/install/ros_gz_bridge:/home/mik/gazebo_ws/install/ros_gz_interfaces:/home/mik/gazebo_ws/install/ign_ros2_control:/opt/ros/humble /usr/bin/cmake --install /home/mik/denso_ws/build/denso_robot_moveit_config
