[0.009s] Invoking command in '/home/mik/denso_ws/build/denso_robot_core': AMENT_PREFIX_PATH=/home/mik/denso_ws/install/bcap_service:/home/mik/denso_ws/install/bcap_core:${AMENT_PREFIX_PATH} CMAKE_PREFIX_PATH=/home/mik/denso_ws/install/bcap_service:/home/mik/denso_ws/install/bcap_core:/home/mik/gazebo_ws/install/test_ros_gz_bridge:/home/mik/gazebo_ws/install/ros_ign_interfaces:/home/mik/gazebo_ws/install/ros_ign:/home/mik/gazebo_ws/install/ros_ign_image:/home/mik/gazebo_ws/install/ros_ign_gazebo_demos:/home/mik/gazebo_ws/install/ign_ros2_control_demos:/home/mik/gazebo_ws/install/gz_ros2_control_tests:/home/mik/gazebo_ws/install/ros_ign_gazebo:/home/mik/gazebo_ws/install/ros_ign_bridge:/home/mik/gazebo_ws/install/ros_gz:/home/mik/gazebo_ws/install/ros_gz_sim_demos:/home/mik/gazebo_ws/install/ros_gz_sim:/home/mik/gazebo_ws/install/ros_gz_image:/home/mik/gazebo_ws/install/ros_gz_bridge:/home/mik/gazebo_ws/install/ros_gz_interfaces:/home/mik/gazebo_ws/install/ign_ros2_control:/opt/ros/humble LD_LIBRARY_PATH=/home/mik/denso_ws/install/bcap_service/lib:/home/mik/denso_ws/install/bcap_core/lib:${LD_LIBRARY_PATH} /usr/bin/cmake --build /home/mik/denso_ws/build/denso_robot_core -- -j8 -l8
[0.059s] [100%] Built target denso_robot_core
[0.068s] Invoked command in '/home/mik/denso_ws/build/denso_robot_core' returned '0': AMENT_PREFIX_PATH=/home/mik/denso_ws/install/bcap_service:/home/mik/denso_ws/install/bcap_core:${AMENT_PREFIX_PATH} CMAKE_PREFIX_PATH=/home/mik/denso_ws/install/bcap_service:/home/mik/denso_ws/install/bcap_core:/home/mik/gazebo_ws/install/test_ros_gz_bridge:/home/mik/gazebo_ws/install/ros_ign_interfaces:/home/mik/gazebo_ws/install/ros_ign:/home/mik/gazebo_ws/install/ros_ign_image:/home/mik/gazebo_ws/install/ros_ign_gazebo_demos:/home/mik/gazebo_ws/install/ign_ros2_control_demos:/home/mik/gazebo_ws/install/gz_ros2_control_tests:/home/mik/gazebo_ws/install/ros_ign_gazebo:/home/mik/gazebo_ws/install/ros_ign_bridge:/home/mik/gazebo_ws/install/ros_gz:/home/mik/gazebo_ws/install/ros_gz_sim_demos:/home/mik/gazebo_ws/install/ros_gz_sim:/home/mik/gazebo_ws/install/ros_gz_image:/home/mik/gazebo_ws/install/ros_gz_bridge:/home/mik/gazebo_ws/install/ros_gz_interfaces:/home/mik/gazebo_ws/install/ign_ros2_control:/opt/ros/humble LD_LIBRARY_PATH=/home/mik/denso_ws/install/bcap_service/lib:/home/mik/denso_ws/install/bcap_core/lib:${LD_LIBRARY_PATH} /usr/bin/cmake --build /home/mik/denso_ws/build/denso_robot_core -- -j8 -l8
[0.106s] Invoking command in '/home/mik/denso_ws/build/denso_robot_core': AMENT_PREFIX_PATH=/home/mik/denso_ws/install/bcap_service:/home/mik/denso_ws/install/bcap_core:${AMENT_PREFIX_PATH} CMAKE_PREFIX_PATH=/home/mik/denso_ws/install/bcap_service:/home/mik/denso_ws/install/bcap_core:/home/mik/gazebo_ws/install/test_ros_gz_bridge:/home/mik/gazebo_ws/install/ros_ign_interfaces:/home/mik/gazebo_ws/install/ros_ign:/home/mik/gazebo_ws/install/ros_ign_image:/home/mik/gazebo_ws/install/ros_ign_gazebo_demos:/home/mik/gazebo_ws/install/ign_ros2_control_demos:/home/mik/gazebo_ws/install/gz_ros2_control_tests:/home/mik/gazebo_ws/install/ros_ign_gazebo:/home/mik/gazebo_ws/install/ros_ign_bridge:/home/mik/gazebo_ws/install/ros_gz:/home/mik/gazebo_ws/install/ros_gz_sim_demos:/home/mik/gazebo_ws/install/ros_gz_sim:/home/mik/gazebo_ws/install/ros_gz_image:/home/mik/gazebo_ws/install/ros_gz_bridge:/home/mik/gazebo_ws/install/ros_gz_interfaces:/home/mik/gazebo_ws/install/ign_ros2_control:/opt/ros/humble LD_LIBRARY_PATH=/home/mik/denso_ws/install/bcap_service/lib:/home/mik/denso_ws/install/bcap_core/lib:${LD_LIBRARY_PATH} /usr/bin/cmake --install /home/mik/denso_ws/build/denso_robot_core
[0.110s] -- Install configuration: ""
[0.111s] -- Up-to-date: /home/mik/denso_ws/install/denso_robot_core/share/denso_robot_core/environment/library_path.sh
[0.111s] -- Up-to-date: /home/mik/denso_ws/install/denso_robot_core/share/denso_robot_core/environment/library_path.dsv
[0.111s] -- Up-to-date: /home/mik/denso_ws/install/denso_robot_core/lib/libdenso_robot_core.so
[0.111s] -- Up-to-date: /home/mik/denso_ws/install/denso_robot_core/include
[0.111s] -- Up-to-date: /home/mik/denso_ws/install/denso_robot_core/include/denso_robot_core
[0.111s] -- Up-to-date: /home/mik/denso_ws/install/denso_robot_core/include/denso_robot_core/visibility_control.h
[0.111s] -- Up-to-date: /home/mik/denso_ws/install/denso_robot_core/include/denso_robot_core/denso_robot_rc9.hpp
[0.112s] -- Up-to-date: /home/mik/denso_ws/install/denso_robot_core/include/denso_robot_core/denso_robot_core.hpp
[0.112s] -- Up-to-date: /home/mik/denso_ws/install/denso_robot_core/include/denso_robot_core/denso_robot_rc8.hpp
[0.112s] -- Up-to-date: /home/mik/denso_ws/install/denso_robot_core/include/denso_robot_core/denso_controller.hpp
[0.112s] -- Up-to-date: /home/mik/denso_ws/install/denso_robot_core/include/denso_robot_core/denso_robot.hpp
[0.112s] -- Up-to-date: /home/mik/denso_ws/install/denso_robot_core/include/denso_robot_core/denso_controller_rc8.hpp
[0.112s] -- Up-to-date: /home/mik/denso_ws/install/denso_robot_core/include/denso_robot_core/denso_base.hpp
[0.112s] -- Up-to-date: /home/mik/denso_ws/install/denso_robot_core/include/denso_robot_core/denso_controller_rc8_cobotta.hpp
[0.112s] -- Up-to-date: /home/mik/denso_ws/install/denso_robot_core/include/denso_robot_core/denso_robot_rc8_cobotta.hpp
[0.112s] -- Up-to-date: /home/mik/denso_ws/install/denso_robot_core/include/denso_robot_core/denso_controller_rc9.hpp
[0.112s] -- Up-to-date: /home/mik/denso_ws/install/denso_robot_core/include/denso_robot_core/denso_variable.hpp
[0.112s] -- Up-to-date: /home/mik/denso_ws/install/denso_robot_core/include/denso_robot_core/denso_task.hpp
[0.112s] -- Up-to-date: /home/mik/denso_ws/install/denso_robot_core/share/denso_robot_core/config
[0.112s] -- Up-to-date: /home/mik/denso_ws/install/denso_robot_core/share/denso_robot_core/config/config.xml
[0.112s] -- Up-to-date: /home/mik/denso_ws/install/denso_robot_core/share/ament_index/resource_index/package_run_dependencies/denso_robot_core
[0.112s] -- Up-to-date: /home/mik/denso_ws/install/denso_robot_core/share/ament_index/resource_index/parent_prefix_path/denso_robot_core
[0.112s] -- Up-to-date: /home/mik/denso_ws/install/denso_robot_core/share/denso_robot_core/environment/ament_prefix_path.sh
[0.112s] -- Up-to-date: /home/mik/denso_ws/install/denso_robot_core/share/denso_robot_core/environment/ament_prefix_path.dsv
[0.112s] -- Up-to-date: /home/mik/denso_ws/install/denso_robot_core/share/denso_robot_core/environment/path.sh
[0.112s] -- Up-to-date: /home/mik/denso_ws/install/denso_robot_core/share/denso_robot_core/environment/path.dsv
[0.112s] -- Up-to-date: /home/mik/denso_ws/install/denso_robot_core/share/denso_robot_core/local_setup.bash
[0.112s] -- Up-to-date: /home/mik/denso_ws/install/denso_robot_core/share/denso_robot_core/local_setup.sh
[0.113s] -- Up-to-date: /home/mik/denso_ws/install/denso_robot_core/share/denso_robot_core/local_setup.zsh
[0.113s] -- Up-to-date: /home/mik/denso_ws/install/denso_robot_core/share/denso_robot_core/local_setup.dsv
[0.113s] -- Installing: /home/mik/denso_ws/install/denso_robot_core/share/denso_robot_core/package.dsv
[0.113s] -- Up-to-date: /home/mik/denso_ws/install/denso_robot_core/share/ament_index/resource_index/packages/denso_robot_core
[0.113s] -- Up-to-date: /home/mik/denso_ws/install/denso_robot_core/share/denso_robot_core/cmake/ament_cmake_export_include_directories-extras.cmake
[0.113s] -- Up-to-date: /home/mik/denso_ws/install/denso_robot_core/share/denso_robot_core/cmake/ament_cmake_export_libraries-extras.cmake
[0.114s] -- Up-to-date: /home/mik/denso_ws/install/denso_robot_core/share/denso_robot_core/cmake/denso_robot_coreConfig.cmake
[0.114s] -- Up-to-date: /home/mik/denso_ws/install/denso_robot_core/share/denso_robot_core/cmake/denso_robot_coreConfig-version.cmake
[0.114s] -- Up-to-date: /home/mik/denso_ws/install/denso_robot_core/share/denso_robot_core/package.xml
[0.115s] Invoked command in '/home/mik/denso_ws/build/denso_robot_core' returned '0': AMENT_PREFIX_PATH=/home/mik/denso_ws/install/bcap_service:/home/mik/denso_ws/install/bcap_core:${AMENT_PREFIX_PATH} CMAKE_PREFIX_PATH=/home/mik/denso_ws/install/bcap_service:/home/mik/denso_ws/install/bcap_core:/home/mik/gazebo_ws/install/test_ros_gz_bridge:/home/mik/gazebo_ws/install/ros_ign_interfaces:/home/mik/gazebo_ws/install/ros_ign:/home/mik/gazebo_ws/install/ros_ign_image:/home/mik/gazebo_ws/install/ros_ign_gazebo_demos:/home/mik/gazebo_ws/install/ign_ros2_control_demos:/home/mik/gazebo_ws/install/gz_ros2_control_tests:/home/mik/gazebo_ws/install/ros_ign_gazebo:/home/mik/gazebo_ws/install/ros_ign_bridge:/home/mik/gazebo_ws/install/ros_gz:/home/mik/gazebo_ws/install/ros_gz_sim_demos:/home/mik/gazebo_ws/install/ros_gz_sim:/home/mik/gazebo_ws/install/ros_gz_image:/home/mik/gazebo_ws/install/ros_gz_bridge:/home/mik/gazebo_ws/install/ros_gz_interfaces:/home/mik/gazebo_ws/install/ign_ros2_control:/opt/ros/humble LD_LIBRARY_PATH=/home/mik/denso_ws/install/bcap_service/lib:/home/mik/denso_ws/install/bcap_core/lib:${LD_LIBRARY_PATH} /usr/bin/cmake --install /home/mik/denso_ws/build/denso_robot_core
