-- The C compiler identification is GNU 11.4.0
-- The CXX compiler identification is GNU 11.4.0
-- Detecting C compiler ABI info
-- Detecting C compiler ABI info - done
-- Check for working C compiler: /usr/bin/cc - skipped
-- Detecting C compile features
-- Detecting C compile features - done
-- Detecting CXX compiler ABI info
-- Detecting CXX compiler ABI info - done
-- Check for working CXX compiler: /usr/bin/c++ - skipped
-- Detecting CXX compile features
-- Detecting CXX compile features - done
-- Found ament_cmake: 1.3.8 (/opt/ros/humble/share/ament_cmake/cmake)
-- Found Python3: /usr/bin/python3 (found version "3.10.12") found components: Interpreter 
-- Found bcap_core: 4.0.0 (/home/mik/denso_ws/install/bcap_core/share/bcap_core/cmake)
-- Found ament_lint_auto: 0.12.10 (/opt/ros/humble/share/ament_lint_auto/cmake)
-- Added test 'cppcheck' to perform static code analysis on C / C++ code
-- Configured cppcheck include dirs: $<BUILD_INTERFACE:/home/mik/denso_ws/src/denso_robot_ros2/bcap_service/include>
-- Configured cppcheck exclude dirs and/or files: 
-- Added test 'lint_cmake' to check CMake code style
-- Added test 'uncrustify' to check C / C++ code style
-- Configured uncrustify additional arguments: 
-- Added test 'xmllint' to check XML markup files
-- Configuring done
-- Generating done
-- Build files have been written to: /home/mik/denso_ws/build/bcap_service
[ 50%] [32mBuilding CXX object CMakeFiles/bcap_service.dir/src/bcap_service.cpp.o[0m
[100%] [32m[1mLinking CXX shared library libbcap_service.so[0m
[100%] Built target bcap_service
-- Install configuration: ""
-- Installing: /home/mik/denso_ws/install/bcap_service/lib/libbcap_service.so
-- Set runtime path of "/home/mik/denso_ws/install/bcap_service/lib/libbcap_service.so" to ""
-- Installing: /home/mik/denso_ws/install/bcap_service/include
-- Installing: /home/mik/denso_ws/install/bcap_service/include/bcap_service
-- Installing: /home/mik/denso_ws/install/bcap_service/include/bcap_service/variant_allocator.h
-- Installing: /home/mik/denso_ws/install/bcap_service/include/bcap_service/visibility_control.h
-- Installing: /home/mik/denso_ws/install/bcap_service/include/bcap_service/bcap_service.hpp
-- Installing: /home/mik/denso_ws/install/bcap_service/share/bcap_service/environment/library_path.sh
-- Installing: /home/mik/denso_ws/install/bcap_service/share/bcap_service/environment/library_path.dsv
-- Installing: /home/mik/denso_ws/install/bcap_service/share/ament_index/resource_index/package_run_dependencies/bcap_service
-- Installing: /home/mik/denso_ws/install/bcap_service/share/ament_index/resource_index/parent_prefix_path/bcap_service
-- Installing: /home/mik/denso_ws/install/bcap_service/share/bcap_service/environment/ament_prefix_path.sh
-- Installing: /home/mik/denso_ws/install/bcap_service/share/bcap_service/environment/ament_prefix_path.dsv
-- Installing: /home/mik/denso_ws/install/bcap_service/share/bcap_service/environment/path.sh
-- Installing: /home/mik/denso_ws/install/bcap_service/share/bcap_service/environment/path.dsv
-- Installing: /home/mik/denso_ws/install/bcap_service/share/bcap_service/local_setup.bash
-- Installing: /home/mik/denso_ws/install/bcap_service/share/bcap_service/local_setup.sh
-- Installing: /home/mik/denso_ws/install/bcap_service/share/bcap_service/local_setup.zsh
-- Installing: /home/mik/denso_ws/install/bcap_service/share/bcap_service/local_setup.dsv
-- Installing: /home/mik/denso_ws/install/bcap_service/share/bcap_service/package.dsv
-- Installing: /home/mik/denso_ws/install/bcap_service/share/ament_index/resource_index/packages/bcap_service
-- Installing: /home/mik/denso_ws/install/bcap_service/share/bcap_service/cmake/ament_cmake_export_include_directories-extras.cmake
-- Installing: /home/mik/denso_ws/install/bcap_service/share/bcap_service/cmake/ament_cmake_export_libraries-extras.cmake
-- Installing: /home/mik/denso_ws/install/bcap_service/share/bcap_service/cmake/bcap_serviceConfig.cmake
-- Installing: /home/mik/denso_ws/install/bcap_service/share/bcap_service/cmake/bcap_serviceConfig-version.cmake
-- Installing: /home/mik/denso_ws/install/bcap_service/share/bcap_service/package.xml
