-- The C compiler identification is GNU 11.4.0
-- The CXX compiler identification is GNU 11.4.0
-- Detecting C compiler ABI info
-- Detecting C compiler ABI info - done
-- Check for working C compiler: /usr/bin/cc - skipped
-- Detecting C compile features
-- Detecting C compile features - done
-- Detecting CXX compiler ABI info
-- Detecting CXX compiler ABI info - done
-- Check for working CXX compiler: /usr/bin/c++ - skipped
-- Detecting CXX compile features
-- Detecting CXX compile features - done
-- Found ament_cmake: 1.3.8 (/opt/ros/humble/share/ament_cmake/cmake)
-- Found Python3: /usr/bin/python3 (found version "3.10.12") found components: Interpreter 
-- Found bcap_core: 4.0.0 (/home/mik/denso_ws/install/bcap_core/share/bcap_core/cmake)
-- Found ament_lint_auto: 0.12.10 (/opt/ros/humble/share/ament_lint_auto/cmake)
-- Added test 'cppcheck' to perform static code analysis on C / C++ code
-- Configured cppcheck include dirs: $<BUILD_INTERFACE:/home/mik/denso_ws/src/denso_robot_ros2/bcap_service/include>
-- Configured cppcheck exclude dirs and/or files: 
-- Added test 'lint_cmake' to check CMake code style
-- Added test 'uncrustify' to check C / C++ code style
-- Configured uncrustify additional arguments: 
-- Added test 'xmllint' to check XML markup files
-- Configuring done
-- Generating done
-- Build files have been written to: /home/mik/denso_ws/build/bcap_service
[ 50%] [32mBuilding CXX object CMakeFiles/bcap_service.dir/src/bcap_service.cpp.o[0m
In file included from [01m[K/home/mik/denso_ws/src/denso_robot_ros2/bcap_service/include/bcap_service/bcap_service.hpp:15[m[K,
                 from [01m[K/home/mik/denso_ws/src/denso_robot_ros2/bcap_service/src/bcap_service.cpp:1[m[K:
/home/mik/denso_ws/src/denso_robot_ros2/bcap_service/include/bcap_service/variant_allocator.h: In instantiation of ‘[01m[Kvoid VariantAllocator<T>::deallocate(VariantAllocator<T>::pointer, VariantAllocator<T>::size_type) [with T = VARIANT; VariantAllocator<T>::pointer = VARIANT*; VariantAllocator<T>::size_type = long unsigned int][m[K’:
[01m[K/usr/include/c++/11/bits/alloc_traits.h:345:23:[m[K   required from ‘[01m[Kstatic void std::allocator_traits< <template-parameter-1-1> >::deallocate(_Alloc&, std::allocator_traits< <template-parameter-1-1> >::pointer, std::allocator_traits< <template-parameter-1-1> >::size_type) [with _Alloc = VariantAllocator<VARIANT>; std::allocator_traits< <template-parameter-1-1> >::pointer = VARIANT*; std::allocator_traits< <template-parameter-1-1> >::size_type = long unsigned int][m[K’
[01m[K/usr/include/c++/11/bits/stl_vector.h:354:19:[m[K   required from ‘[01m[Kvoid std::_Vector_base<_Tp, _Alloc>::_M_deallocate(std::_Vector_base<_Tp, _Alloc>::pointer, std::size_t) [with _Tp = VARIANT; _Alloc = VariantAllocator<VARIANT>; std::_Vector_base<_Tp, _Alloc>::pointer = VARIANT*; std::size_t = long unsigned int][m[K’
[01m[K/usr/include/c++/11/bits/stl_vector.h:335:2:[m[K   required from ‘[01m[Kstd::_Vector_base<_Tp, _Alloc>::~_Vector_base() [with _Tp = VARIANT; _Alloc = VariantAllocator<VARIANT>][m[K’
[01m[K/usr/include/c++/11/bits/stl_vector.h:487:7:[m[K   required from here
[01m[K/home/mik/denso_ws/src/denso_robot_ros2/bcap_service/include/bcap_service/variant_allocator.h:74:40:[m[K [01;35m[Kwarning: [m[Kunused parameter ‘[01m[Kn[m[K’ [[01;35m[K]8;;https://gcc.gnu.org/onlinedocs/gcc/Warning-Options.html#index-Wunused-parameter-Wunused-parameter]8;;[m[K]
   74 |   void deallocate(pointer p, [01;35m[Ksize_type n[m[K)
      |                              [01;35m[K~~~~~~~~~~^[m[K
[100%] [32m[1mLinking CXX shared library libbcap_service.so[0m
[100%] Built target bcap_service
-- Install configuration: ""
-- Installing: /home/mik/denso_ws/install/bcap_service/lib/libbcap_service.so
-- Set runtime path of "/home/mik/denso_ws/install/bcap_service/lib/libbcap_service.so" to ""
-- Installing: /home/mik/denso_ws/install/bcap_service/include
-- Installing: /home/mik/denso_ws/install/bcap_service/include/bcap_service
-- Installing: /home/mik/denso_ws/install/bcap_service/include/bcap_service/variant_allocator.h
-- Installing: /home/mik/denso_ws/install/bcap_service/include/bcap_service/visibility_control.h
-- Installing: /home/mik/denso_ws/install/bcap_service/include/bcap_service/bcap_service.hpp
-- Installing: /home/mik/denso_ws/install/bcap_service/share/bcap_service/environment/library_path.sh
-- Installing: /home/mik/denso_ws/install/bcap_service/share/bcap_service/environment/library_path.dsv
-- Installing: /home/mik/denso_ws/install/bcap_service/share/ament_index/resource_index/package_run_dependencies/bcap_service
-- Installing: /home/mik/denso_ws/install/bcap_service/share/ament_index/resource_index/parent_prefix_path/bcap_service
-- Installing: /home/mik/denso_ws/install/bcap_service/share/bcap_service/environment/ament_prefix_path.sh
-- Installing: /home/mik/denso_ws/install/bcap_service/share/bcap_service/environment/ament_prefix_path.dsv
-- Installing: /home/mik/denso_ws/install/bcap_service/share/bcap_service/environment/path.sh
-- Installing: /home/mik/denso_ws/install/bcap_service/share/bcap_service/environment/path.dsv
-- Installing: /home/mik/denso_ws/install/bcap_service/share/bcap_service/local_setup.bash
-- Installing: /home/mik/denso_ws/install/bcap_service/share/bcap_service/local_setup.sh
-- Installing: /home/mik/denso_ws/install/bcap_service/share/bcap_service/local_setup.zsh
-- Installing: /home/mik/denso_ws/install/bcap_service/share/bcap_service/local_setup.dsv
-- Installing: /home/mik/denso_ws/install/bcap_service/share/bcap_service/package.dsv
-- Installing: /home/mik/denso_ws/install/bcap_service/share/ament_index/resource_index/packages/bcap_service
-- Installing: /home/mik/denso_ws/install/bcap_service/share/bcap_service/cmake/ament_cmake_export_include_directories-extras.cmake
-- Installing: /home/mik/denso_ws/install/bcap_service/share/bcap_service/cmake/ament_cmake_export_libraries-extras.cmake
-- Installing: /home/mik/denso_ws/install/bcap_service/share/bcap_service/cmake/bcap_serviceConfig.cmake
-- Installing: /home/mik/denso_ws/install/bcap_service/share/bcap_service/cmake/bcap_serviceConfig-version.cmake
-- Installing: /home/mik/denso_ws/install/bcap_service/share/bcap_service/package.xml
