[0.004s] Invoking command in '/home/mik/denso_ws/build/bcap_service': AMENT_PREFIX_PATH=/home/mik/denso_ws/install/bcap_core:${AMENT_PREFIX_PATH} CMAKE_PREFIX_PATH=/home/mik/denso_ws/install/bcap_core:/opt/ros/humble LD_LIBRARY_PATH=/home/mik/denso_ws/install/bcap_core/lib:${LD_LIBRARY_PATH} /usr/bin/cmake /home/mik/denso_ws/src/denso_robot_ros2/bcap_service -DCMAKE_INSTALL_PREFIX=/home/mik/denso_ws/install/bcap_service
[0.030s] -- The C compiler identification is GNU 11.4.0
[0.060s] -- The CXX compiler identification is GNU 11.4.0
[0.063s] -- Detecting C compiler ABI info
[0.095s] -- Detecting C compiler ABI info - done
[0.098s] -- Check for working C compiler: /usr/bin/cc - skipped
[0.099s] -- Detecting C compile features
[0.099s] -- Detecting C compile features - done
[0.100s] -- Detecting CXX compiler ABI info
[0.139s] -- Detecting CXX compiler ABI info - done
[0.143s] -- Check for working CXX compiler: /usr/bin/c++ - skipped
[0.143s] -- Detecting CXX compile features
[0.143s] -- Detecting CXX compile features - done
[0.145s] -- Found ament_cmake: 1.3.8 (/opt/ros/humble/share/ament_cmake/cmake)
[0.222s] -- Found Python3: /usr/bin/python3 (found version "3.10.12") found components: Interpreter 
[0.268s] -- Found bcap_core: 4.0.0 (/home/mik/denso_ws/install/bcap_core/share/bcap_core/cmake)
[0.270s] -- Found ament_lint_auto: 0.12.10 (/opt/ros/humble/share/ament_lint_auto/cmake)
[0.311s] -- Added test 'cppcheck' to perform static code analysis on C / C++ code
[0.311s] -- Configured cppcheck include dirs: $<BUILD_INTERFACE:/home/mik/denso_ws/src/denso_robot_ros2/bcap_service/include>
[0.311s] -- Configured cppcheck exclude dirs and/or files: 
[0.311s] -- Added test 'lint_cmake' to check CMake code style
[0.311s] -- Added test 'uncrustify' to check C / C++ code style
[0.311s] -- Configured uncrustify additional arguments: 
[0.312s] -- Added test 'xmllint' to check XML markup files
[0.312s] -- Configuring done
[0.315s] -- Generating done
[0.315s] -- Build files have been written to: /home/mik/denso_ws/build/bcap_service
[0.318s] Invoked command in '/home/mik/denso_ws/build/bcap_service' returned '0': AMENT_PREFIX_PATH=/home/mik/denso_ws/install/bcap_core:${AMENT_PREFIX_PATH} CMAKE_PREFIX_PATH=/home/mik/denso_ws/install/bcap_core:/opt/ros/humble LD_LIBRARY_PATH=/home/mik/denso_ws/install/bcap_core/lib:${LD_LIBRARY_PATH} /usr/bin/cmake /home/mik/denso_ws/src/denso_robot_ros2/bcap_service -DCMAKE_INSTALL_PREFIX=/home/mik/denso_ws/install/bcap_service
[0.318s] Invoking command in '/home/mik/denso_ws/build/bcap_service': AMENT_PREFIX_PATH=/home/mik/denso_ws/install/bcap_core:${AMENT_PREFIX_PATH} CMAKE_PREFIX_PATH=/home/mik/denso_ws/install/bcap_core:/opt/ros/humble LD_LIBRARY_PATH=/home/mik/denso_ws/install/bcap_core/lib:${LD_LIBRARY_PATH} /usr/bin/cmake --build /home/mik/denso_ws/build/bcap_service -- -j8 -l8
[0.341s] [ 50%] [32mBuilding CXX object CMakeFiles/bcap_service.dir/src/bcap_service.cpp.o[0m
[0.572s] In file included from [01m[K/home/mik/denso_ws/src/denso_robot_ros2/bcap_service/include/bcap_service/bcap_service.hpp:15[m[K,
[0.572s]                  from [01m[K/home/mik/denso_ws/src/denso_robot_ros2/bcap_service/src/bcap_service.cpp:1[m[K:
[0.572s] /home/mik/denso_ws/src/denso_robot_ros2/bcap_service/include/bcap_service/variant_allocator.h: In instantiation of ‘[01m[Kvoid VariantAllocator<T>::deallocate(VariantAllocator<T>::pointer, VariantAllocator<T>::size_type) [with T = VARIANT; VariantAllocator<T>::pointer = VARIANT*; VariantAllocator<T>::size_type = long unsigned int][m[K’:
[0.572s] [01m[K/usr/include/c++/11/bits/alloc_traits.h:345:23:[m[K   required from ‘[01m[Kstatic void std::allocator_traits< <template-parameter-1-1> >::deallocate(_Alloc&, std::allocator_traits< <template-parameter-1-1> >::pointer, std::allocator_traits< <template-parameter-1-1> >::size_type) [with _Alloc = VariantAllocator<VARIANT>; std::allocator_traits< <template-parameter-1-1> >::pointer = VARIANT*; std::allocator_traits< <template-parameter-1-1> >::size_type = long unsigned int][m[K’
[0.572s] [01m[K/usr/include/c++/11/bits/stl_vector.h:354:19:[m[K   required from ‘[01m[Kvoid std::_Vector_base<_Tp, _Alloc>::_M_deallocate(std::_Vector_base<_Tp, _Alloc>::pointer, std::size_t) [with _Tp = VARIANT; _Alloc = VariantAllocator<VARIANT>; std::_Vector_base<_Tp, _Alloc>::pointer = VARIANT*; std::size_t = long unsigned int][m[K’
[0.572s] [01m[K/usr/include/c++/11/bits/stl_vector.h:335:2:[m[K   required from ‘[01m[Kstd::_Vector_base<_Tp, _Alloc>::~_Vector_base() [with _Tp = VARIANT; _Alloc = VariantAllocator<VARIANT>][m[K’
[0.572s] [01m[K/usr/include/c++/11/bits/stl_vector.h:487:7:[m[K   required from here
[0.572s] [01m[K/home/mik/denso_ws/src/denso_robot_ros2/bcap_service/include/bcap_service/variant_allocator.h:74:40:[m[K [01;35m[Kwarning: [m[Kunused parameter ‘[01m[Kn[m[K’ [[01;35m[K]8;;https://gcc.gnu.org/onlinedocs/gcc/Warning-Options.html#index-Wunused-parameter-Wunused-parameter]8;;[m[K]
[0.572s]    74 |   void deallocate(pointer p, [01;35m[Ksize_type n[m[K)
[0.572s]       |                              [01;35m[K~~~~~~~~~~^[m[K
[0.656s] [100%] [32m[1mLinking CXX shared library libbcap_service.so[0m
[0.687s] [100%] Built target bcap_service
[0.691s] Invoked command in '/home/mik/denso_ws/build/bcap_service' returned '0': AMENT_PREFIX_PATH=/home/mik/denso_ws/install/bcap_core:${AMENT_PREFIX_PATH} CMAKE_PREFIX_PATH=/home/mik/denso_ws/install/bcap_core:/opt/ros/humble LD_LIBRARY_PATH=/home/mik/denso_ws/install/bcap_core/lib:${LD_LIBRARY_PATH} /usr/bin/cmake --build /home/mik/denso_ws/build/bcap_service -- -j8 -l8
[0.703s] Invoking command in '/home/mik/denso_ws/build/bcap_service': AMENT_PREFIX_PATH=/home/mik/denso_ws/install/bcap_core:${AMENT_PREFIX_PATH} CMAKE_PREFIX_PATH=/home/mik/denso_ws/install/bcap_core:/opt/ros/humble LD_LIBRARY_PATH=/home/mik/denso_ws/install/bcap_core/lib:${LD_LIBRARY_PATH} /usr/bin/cmake --install /home/mik/denso_ws/build/bcap_service
[0.705s] -- Install configuration: ""
[0.705s] -- Installing: /home/mik/denso_ws/install/bcap_service/lib/libbcap_service.so
[0.706s] -- Set runtime path of "/home/mik/denso_ws/install/bcap_service/lib/libbcap_service.so" to ""
[0.706s] -- Installing: /home/mik/denso_ws/install/bcap_service/include
[0.706s] -- Installing: /home/mik/denso_ws/install/bcap_service/include/bcap_service
[0.706s] -- Installing: /home/mik/denso_ws/install/bcap_service/include/bcap_service/variant_allocator.h
[0.706s] -- Installing: /home/mik/denso_ws/install/bcap_service/include/bcap_service/visibility_control.h
[0.706s] -- Installing: /home/mik/denso_ws/install/bcap_service/include/bcap_service/bcap_service.hpp
[0.706s] -- Installing: /home/mik/denso_ws/install/bcap_service/share/bcap_service/environment/library_path.sh
[0.706s] -- Installing: /home/mik/denso_ws/install/bcap_service/share/bcap_service/environment/library_path.dsv
[0.706s] -- Installing: /home/mik/denso_ws/install/bcap_service/share/ament_index/resource_index/package_run_dependencies/bcap_service
[0.706s] -- Installing: /home/mik/denso_ws/install/bcap_service/share/ament_index/resource_index/parent_prefix_path/bcap_service
[0.707s] -- Installing: /home/mik/denso_ws/install/bcap_service/share/bcap_service/environment/ament_prefix_path.sh
[0.707s] -- Installing: /home/mik/denso_ws/install/bcap_service/share/bcap_service/environment/ament_prefix_path.dsv
[0.707s] -- Installing: /home/mik/denso_ws/install/bcap_service/share/bcap_service/environment/path.sh
[0.707s] -- Installing: /home/mik/denso_ws/install/bcap_service/share/bcap_service/environment/path.dsv
[0.707s] -- Installing: /home/mik/denso_ws/install/bcap_service/share/bcap_service/local_setup.bash
[0.707s] -- Installing: /home/mik/denso_ws/install/bcap_service/share/bcap_service/local_setup.sh
[0.707s] -- Installing: /home/mik/denso_ws/install/bcap_service/share/bcap_service/local_setup.zsh
[0.707s] -- Installing: /home/mik/denso_ws/install/bcap_service/share/bcap_service/local_setup.dsv
[0.707s] -- Installing: /home/mik/denso_ws/install/bcap_service/share/bcap_service/package.dsv
[0.707s] -- Installing: /home/mik/denso_ws/install/bcap_service/share/ament_index/resource_index/packages/bcap_service
[0.707s] -- Installing: /home/mik/denso_ws/install/bcap_service/share/bcap_service/cmake/ament_cmake_export_include_directories-extras.cmake
[0.707s] -- Installing: /home/mik/denso_ws/install/bcap_service/share/bcap_service/cmake/ament_cmake_export_libraries-extras.cmake
[0.707s] -- Installing: /home/mik/denso_ws/install/bcap_service/share/bcap_service/cmake/bcap_serviceConfig.cmake
[0.707s] -- Installing: /home/mik/denso_ws/install/bcap_service/share/bcap_service/cmake/bcap_serviceConfig-version.cmake
[0.707s] -- Installing: /home/mik/denso_ws/install/bcap_service/share/bcap_service/package.xml
[0.709s] Invoked command in '/home/mik/denso_ws/build/bcap_service' returned '0': AMENT_PREFIX_PATH=/home/mik/denso_ws/install/bcap_core:${AMENT_PREFIX_PATH} CMAKE_PREFIX_PATH=/home/mik/denso_ws/install/bcap_core:/opt/ros/humble LD_LIBRARY_PATH=/home/mik/denso_ws/install/bcap_core/lib:${LD_LIBRARY_PATH} /usr/bin/cmake --install /home/mik/denso_ws/build/bcap_service
