[0.011s] Invoking command in '/home/mik/denso_ws/build/bcap_core': CMAKE_PREFIX_PATH=${CMAKE_PREFIX_PATH}:/opt/ros/humble /usr/bin/cmake --build /home/mik/denso_ws/build/bcap_core -- -j8 -l8
[0.048s] [ 12%] Built target rac_string
[0.048s] [ 40%] Built target bcap_server
[0.048s] [ 71%] Built target bcap_client
[0.049s] [100%] Built target tpcomm
[0.058s] Invoked command in '/home/mik/denso_ws/build/bcap_core' returned '0': CMAKE_PREFIX_PATH=${CMAKE_PREFIX_PATH}:/opt/ros/humble /usr/bin/cmake --build /home/mik/denso_ws/build/bcap_core -- -j8 -l8
[0.111s] Invoking command in '/home/mik/denso_ws/build/bcap_core': CMAKE_PREFIX_PATH=${CMAKE_PREFIX_PATH}:/opt/ros/humble /usr/bin/cmake --install /home/mik/denso_ws/build/bcap_core
[0.115s] -- Install configuration: "RelWithDebInfo"
[0.115s] -- Up-to-date: /home/mik/denso_ws/install/bcap_core/lib/libbcap_client.so
[0.115s] -- Up-to-date: /home/mik/denso_ws/install/bcap_core/lib/libbcap_server.so
[0.115s] -- Up-to-date: /home/mik/denso_ws/install/bcap_core/lib/librac_string.so
[0.115s] -- Up-to-date: /home/mik/denso_ws/install/bcap_core/lib/libtpcomm.so
[0.116s] -- Up-to-date: /home/mik/denso_ws/install/bcap_core/include
[0.116s] -- Up-to-date: /home/mik/denso_ws/install/bcap_core/include/bcap_core
[0.116s] -- Up-to-date: /home/mik/denso_ws/install/bcap_core/include/bcap_core/stdint
[0.116s] -- Up-to-date: /home/mik/denso_ws/install/bcap_core/include/bcap_core/stdint/stdint.h
[0.116s] -- Up-to-date: /home/mik/denso_ws/install/bcap_core/include/bcap_core/dn_common.h
[0.116s] -- Up-to-date: /home/mik/denso_ws/install/bcap_core/include/bcap_core/dn_tcp.h
[0.116s] -- Up-to-date: /home/mik/denso_ws/install/bcap_core/include/bcap_core/dn_robotalk.h
[0.116s] -- Up-to-date: /home/mik/denso_ws/install/bcap_core/include/bcap_core/bCAPClient
[0.116s] -- Up-to-date: /home/mik/denso_ws/install/bcap_core/include/bcap_core/bCAPClient/bcap_client.h
[0.116s] -- Up-to-date: /home/mik/denso_ws/install/bcap_core/include/bcap_core/dn_thread.h
[0.116s] -- Up-to-date: /home/mik/denso_ws/install/bcap_core/include/bcap_core/bcap_common.h
[0.116s] -- Up-to-date: /home/mik/denso_ws/install/bcap_core/include/bcap_core/bCAPServer
[0.116s] -- Up-to-date: /home/mik/denso_ws/install/bcap_core/include/bcap_core/bCAPServer/bcap_server.h
[0.116s] -- Up-to-date: /home/mik/denso_ws/install/bcap_core/include/bcap_core/bCAPServer/bcap_mapid.h
[0.117s] -- Up-to-date: /home/mik/denso_ws/install/bcap_core/include/bcap_core/dn_com.h
[0.117s] -- Up-to-date: /home/mik/denso_ws/install/bcap_core/include/bcap_core/RACString
[0.117s] -- Up-to-date: /home/mik/denso_ws/install/bcap_core/include/bcap_core/RACString/rac_string.h
[0.117s] -- Up-to-date: /home/mik/denso_ws/install/bcap_core/include/bcap_core/dn_udp.h
[0.117s] -- Up-to-date: /home/mik/denso_ws/install/bcap_core/include/bcap_core/TPComm
[0.117s] -- Up-to-date: /home/mik/denso_ws/install/bcap_core/include/bcap_core/TPComm/dn_tpcomm.h
[0.117s] -- Up-to-date: /home/mik/denso_ws/install/bcap_core/include/bcap_core/bcap_funcid.h
[0.117s] -- Up-to-date: /home/mik/denso_ws/install/bcap_core/include/bcap_core/dn_device.h
[0.117s] -- Up-to-date: /home/mik/denso_ws/install/bcap_core/include/bcap_core/dn_socket.h
[0.117s] -- Up-to-date: /home/mik/denso_ws/install/bcap_core/include/bcap_core/dn_additional.h
[0.117s] -- Up-to-date: /home/mik/denso_ws/install/bcap_core/share/bcap_core/environment/library_path.sh
[0.117s] -- Up-to-date: /home/mik/denso_ws/install/bcap_core/share/bcap_core/environment/library_path.dsv
[0.117s] -- Up-to-date: /home/mik/denso_ws/install/bcap_core/share/ament_index/resource_index/package_run_dependencies/bcap_core
[0.117s] -- Up-to-date: /home/mik/denso_ws/install/bcap_core/share/ament_index/resource_index/parent_prefix_path/bcap_core
[0.117s] -- Up-to-date: /home/mik/denso_ws/install/bcap_core/share/bcap_core/environment/ament_prefix_path.sh
[0.117s] -- Up-to-date: /home/mik/denso_ws/install/bcap_core/share/bcap_core/environment/ament_prefix_path.dsv
[0.117s] -- Up-to-date: /home/mik/denso_ws/install/bcap_core/share/bcap_core/environment/path.sh
[0.118s] -- Up-to-date: /home/mik/denso_ws/install/bcap_core/share/bcap_core/environment/path.dsv
[0.118s] -- Up-to-date: /home/mik/denso_ws/install/bcap_core/share/bcap_core/local_setup.bash
[0.118s] -- Up-to-date: /home/mik/denso_ws/install/bcap_core/share/bcap_core/local_setup.sh
[0.118s] -- Up-to-date: /home/mik/denso_ws/install/bcap_core/share/bcap_core/local_setup.zsh
[0.118s] -- Up-to-date: /home/mik/denso_ws/install/bcap_core/share/bcap_core/local_setup.dsv
[0.118s] -- Installing: /home/mik/denso_ws/install/bcap_core/share/bcap_core/package.dsv
[0.118s] -- Up-to-date: /home/mik/denso_ws/install/bcap_core/share/ament_index/resource_index/packages/bcap_core
[0.118s] -- Up-to-date: /home/mik/denso_ws/install/bcap_core/share/bcap_core/cmake/ament_cmake_export_include_directories-extras.cmake
[0.118s] -- Up-to-date: /home/mik/denso_ws/install/bcap_core/share/bcap_core/cmake/ament_cmake_export_libraries-extras.cmake
[0.118s] -- Up-to-date: /home/mik/denso_ws/install/bcap_core/share/bcap_core/cmake/bcap_coreConfig.cmake
[0.119s] -- Up-to-date: /home/mik/denso_ws/install/bcap_core/share/bcap_core/cmake/bcap_coreConfig-version.cmake
[0.119s] -- Up-to-date: /home/mik/denso_ws/install/bcap_core/share/bcap_core/package.xml
[0.119s] Invoked command in '/home/mik/denso_ws/build/bcap_core' returned '0': CMAKE_PREFIX_PATH=${CMAKE_PREFIX_PATH}:/opt/ros/humble /usr/bin/cmake --install /home/mik/denso_ws/build/bcap_core
