[35m[1mConsolidate compiler generated dependencies of target denso_robot_hw[0m
[100%] Built target denso_robot_hw
-- Install configuration: ""
-- Up-to-date: /home/mik/denso_ws/install/denso_robot_hw/share/denso_robot_hw/denso_hardware_plugin.xml
-- Up-to-date: /home/mik/denso_ws/install/denso_robot_hw/lib/libdenso_robot_hw.so
-- Up-to-date: /home/mik/denso_ws/install/denso_robot_hw/include
-- Up-to-date: /home/mik/denso_ws/install/denso_robot_hw/include/denso_robot_hw
-- Up-to-date: /home/mik/denso_ws/install/denso_robot_hw/include/denso_robot_hw/denso_robot_hw.hpp
-- Up-to-date: /home/mik/denso_ws/install/denso_robot_hw/include/denso_robot_hw/visibility_control.h
-- Up-to-date: /home/mik/denso_ws/install/denso_robot_hw/share/denso_robot_hw/environment/library_path.sh
-- Up-to-date: /home/mik/denso_ws/install/denso_robot_hw/share/denso_robot_hw/environment/library_path.dsv
-- Up-to-date: /home/mik/denso_ws/install/denso_robot_hw/share/ament_index/resource_index/package_run_dependencies/denso_robot_hw
-- Up-to-date: /home/mik/denso_ws/install/denso_robot_hw/share/ament_index/resource_index/parent_prefix_path/denso_robot_hw
-- Up-to-date: /home/mik/denso_ws/install/denso_robot_hw/share/denso_robot_hw/environment/ament_prefix_path.sh
-- Up-to-date: /home/mik/denso_ws/install/denso_robot_hw/share/denso_robot_hw/environment/ament_prefix_path.dsv
-- Up-to-date: /home/mik/denso_ws/install/denso_robot_hw/share/denso_robot_hw/environment/path.sh
-- Up-to-date: /home/mik/denso_ws/install/denso_robot_hw/share/denso_robot_hw/environment/path.dsv
-- Up-to-date: /home/mik/denso_ws/install/denso_robot_hw/share/denso_robot_hw/local_setup.bash
-- Up-to-date: /home/mik/denso_ws/install/denso_robot_hw/share/denso_robot_hw/local_setup.sh
-- Up-to-date: /home/mik/denso_ws/install/denso_robot_hw/share/denso_robot_hw/local_setup.zsh
-- Up-to-date: /home/mik/denso_ws/install/denso_robot_hw/share/denso_robot_hw/local_setup.dsv
-- Installing: /home/mik/denso_ws/install/denso_robot_hw/share/denso_robot_hw/package.dsv
-- Up-to-date: /home/mik/denso_ws/install/denso_robot_hw/share/ament_index/resource_index/packages/denso_robot_hw
-- Up-to-date: /home/mik/denso_ws/install/denso_robot_hw/share/ament_index/resource_index/hardware_interface__pluginlib__plugin/denso_robot_hw
-- Up-to-date: /home/mik/denso_ws/install/denso_robot_hw/share/denso_robot_hw/cmake/ament_cmake_export_include_directories-extras.cmake
-- Up-to-date: /home/mik/denso_ws/install/denso_robot_hw/share/denso_robot_hw/cmake/ament_cmake_export_libraries-extras.cmake
-- Up-to-date: /home/mik/denso_ws/install/denso_robot_hw/share/denso_robot_hw/cmake/ament_cmake_export_dependencies-extras.cmake
-- Up-to-date: /home/mik/denso_ws/install/denso_robot_hw/share/denso_robot_hw/cmake/denso_robot_hwConfig.cmake
-- Up-to-date: /home/mik/denso_ws/install/denso_robot_hw/share/denso_robot_hw/cmake/denso_robot_hwConfig-version.cmake
-- Up-to-date: /home/mik/denso_ws/install/denso_robot_hw/share/denso_robot_hw/package.xml
