[35m[1mConsolidate compiler generated dependencies of target denso_robot_core[0m
[100%] Built target denso_robot_core
-- Install configuration: ""
-- Up-to-date: /home/mik/denso_ws/install/denso_robot_core/share/denso_robot_core/environment/library_path.sh
-- Up-to-date: /home/mik/denso_ws/install/denso_robot_core/share/denso_robot_core/environment/library_path.dsv
-- Up-to-date: /home/mik/denso_ws/install/denso_robot_core/lib/libdenso_robot_core.so
-- Up-to-date: /home/mik/denso_ws/install/denso_robot_core/include
-- Up-to-date: /home/mik/denso_ws/install/denso_robot_core/include/denso_robot_core
-- Up-to-date: /home/mik/denso_ws/install/denso_robot_core/include/denso_robot_core/visibility_control.h
-- Up-to-date: /home/mik/denso_ws/install/denso_robot_core/include/denso_robot_core/denso_robot_rc9.hpp
-- Up-to-date: /home/mik/denso_ws/install/denso_robot_core/include/denso_robot_core/denso_robot_core.hpp
-- Up-to-date: /home/mik/denso_ws/install/denso_robot_core/include/denso_robot_core/denso_robot_rc8.hpp
-- Up-to-date: /home/mik/denso_ws/install/denso_robot_core/include/denso_robot_core/denso_controller.hpp
-- Up-to-date: /home/mik/denso_ws/install/denso_robot_core/include/denso_robot_core/denso_robot.hpp
-- Up-to-date: /home/mik/denso_ws/install/denso_robot_core/include/denso_robot_core/denso_controller_rc8.hpp
-- Up-to-date: /home/mik/denso_ws/install/denso_robot_core/include/denso_robot_core/denso_base.hpp
-- Up-to-date: /home/mik/denso_ws/install/denso_robot_core/include/denso_robot_core/denso_controller_rc8_cobotta.hpp
-- Up-to-date: /home/mik/denso_ws/install/denso_robot_core/include/denso_robot_core/denso_robot_rc8_cobotta.hpp
-- Up-to-date: /home/mik/denso_ws/install/denso_robot_core/include/denso_robot_core/denso_controller_rc9.hpp
-- Up-to-date: /home/mik/denso_ws/install/denso_robot_core/include/denso_robot_core/denso_variable.hpp
-- Up-to-date: /home/mik/denso_ws/install/denso_robot_core/include/denso_robot_core/denso_task.hpp
-- Up-to-date: /home/mik/denso_ws/install/denso_robot_core/share/denso_robot_core/config
-- Up-to-date: /home/mik/denso_ws/install/denso_robot_core/share/denso_robot_core/config/config.xml
-- Up-to-date: /home/mik/denso_ws/install/denso_robot_core/share/ament_index/resource_index/package_run_dependencies/denso_robot_core
-- Up-to-date: /home/mik/denso_ws/install/denso_robot_core/share/ament_index/resource_index/parent_prefix_path/denso_robot_core
-- Up-to-date: /home/mik/denso_ws/install/denso_robot_core/share/denso_robot_core/environment/ament_prefix_path.sh
-- Up-to-date: /home/mik/denso_ws/install/denso_robot_core/share/denso_robot_core/environment/ament_prefix_path.dsv
-- Up-to-date: /home/mik/denso_ws/install/denso_robot_core/share/denso_robot_core/environment/path.sh
-- Up-to-date: /home/mik/denso_ws/install/denso_robot_core/share/denso_robot_core/environment/path.dsv
-- Up-to-date: /home/mik/denso_ws/install/denso_robot_core/share/denso_robot_core/local_setup.bash
-- Up-to-date: /home/mik/denso_ws/install/denso_robot_core/share/denso_robot_core/local_setup.sh
-- Up-to-date: /home/mik/denso_ws/install/denso_robot_core/share/denso_robot_core/local_setup.zsh
-- Up-to-date: /home/mik/denso_ws/install/denso_robot_core/share/denso_robot_core/local_setup.dsv
-- Installing: /home/mik/denso_ws/install/denso_robot_core/share/denso_robot_core/package.dsv
-- Up-to-date: /home/mik/denso_ws/install/denso_robot_core/share/ament_index/resource_index/packages/denso_robot_core
-- Up-to-date: /home/mik/denso_ws/install/denso_robot_core/share/denso_robot_core/cmake/ament_cmake_export_include_directories-extras.cmake
-- Up-to-date: /home/mik/denso_ws/install/denso_robot_core/share/denso_robot_core/cmake/ament_cmake_export_libraries-extras.cmake
-- Up-to-date: /home/mik/denso_ws/install/denso_robot_core/share/denso_robot_core/cmake/denso_robot_coreConfig.cmake
-- Up-to-date: /home/mik/denso_ws/install/denso_robot_core/share/denso_robot_core/cmake/denso_robot_coreConfig-version.cmake
-- Up-to-date: /home/mik/denso_ws/install/denso_robot_core/share/denso_robot_core/package.xml
