[0.493s] Invoking command in '/home/mik/robotica2/Project_Robotica/rosPart/src/robotController': PYTHONPATH=/home/mik/robotica2/Project_Robotica/rosPart/build/robotController/prefix_override:/home/mik/robotica2/Project_Robotica/rosPart/install/robotController/lib/python3.10/site-packages:${PYTHONPATH} /usr/bin/python3 -W ignore:setup.py install is deprecated setup.py egg_info --egg-base ../../build/robotController build --build-base /home/mik/robotica2/Project_Robotica/rosPart/build/robotController/build install --record /home/mik/robotica2/Project_Robotica/rosPart/build/robotController/install.log --single-version-externally-managed install_data
[0.637s] running egg_info
[0.637s] creating ../../build/robotController/robotController.egg-info
[0.637s] writing ../../build/robotController/robotController.egg-info/PKG-INFO
[0.638s] writing dependency_links to ../../build/robotController/robotController.egg-info/dependency_links.txt
[0.638s] writing entry points to ../../build/robotController/robotController.egg-info/entry_points.txt
[0.638s] writing requirements to ../../build/robotController/robotController.egg-info/requires.txt
[0.638s] writing top-level names to ../../build/robotController/robotController.egg-info/top_level.txt
[0.638s] writing manifest file '../../build/robotController/robotController.egg-info/SOURCES.txt'
[0.639s] reading manifest file '../../build/robotController/robotController.egg-info/SOURCES.txt'
[0.639s] writing manifest file '../../build/robotController/robotController.egg-info/SOURCES.txt'
[0.639s] running build
[0.640s] running build_py
[0.640s] creating /home/mik/robotica2/Project_Robotica/rosPart/build/robotController/build
[0.640s] creating /home/mik/robotica2/Project_Robotica/rosPart/build/robotController/build/lib
[0.640s] creating /home/mik/robotica2/Project_Robotica/rosPart/build/robotController/build/lib/robotController
[0.640s] copying robotController/control_node.py -> /home/mik/robotica2/Project_Robotica/rosPart/build/robotController/build/lib/robotController
[0.640s] copying robotController/__init__.py -> /home/mik/robotica2/Project_Robotica/rosPart/build/robotController/build/lib/robotController
[0.640s] running install
[0.640s] running install_lib
[0.641s] creating /home/mik/robotica2/Project_Robotica/rosPart/install/robotController/lib/python3.10/site-packages/robotController
[0.641s] copying /home/mik/robotica2/Project_Robotica/rosPart/build/robotController/build/lib/robotController/control_node.py -> /home/mik/robotica2/Project_Robotica/rosPart/install/robotController/lib/python3.10/site-packages/robotController
[0.641s] copying /home/mik/robotica2/Project_Robotica/rosPart/build/robotController/build/lib/robotController/__init__.py -> /home/mik/robotica2/Project_Robotica/rosPart/install/robotController/lib/python3.10/site-packages/robotController
[0.641s] byte-compiling /home/mik/robotica2/Project_Robotica/rosPart/install/robotController/lib/python3.10/site-packages/robotController/control_node.py to control_node.cpython-310.pyc
[0.641s]   File "/home/mik/robotica2/Project_Robotica/rosPart/install/robotController/lib/python3.10/site-packages/robotController/control_node.py", line 12
[0.642s]     def timer_callback(self)
[0.642s]                             ^
[0.642s] SyntaxError: expected ':'
[0.642s] 
[0.642s] byte-compiling /home/mik/robotica2/Project_Robotica/rosPart/install/robotController/lib/python3.10/site-packages/robotController/__init__.py to __init__.cpython-310.pyc
[0.642s] running install_data
[0.642s] creating /home/mik/robotica2/Project_Robotica/rosPart/install/robotController/share/ament_index
[0.642s] creating /home/mik/robotica2/Project_Robotica/rosPart/install/robotController/share/ament_index/resource_index
[0.642s] creating /home/mik/robotica2/Project_Robotica/rosPart/install/robotController/share/ament_index/resource_index/packages
[0.642s] copying resource/robotController -> /home/mik/robotica2/Project_Robotica/rosPart/install/robotController/share/ament_index/resource_index/packages
[0.642s] copying package.xml -> /home/mik/robotica2/Project_Robotica/rosPart/install/robotController/share/robotController
[0.642s] running install_egg_info
[0.643s] Copying ../../build/robotController/robotController.egg-info to /home/mik/robotica2/Project_Robotica/rosPart/install/robotController/lib/python3.10/site-packages/robotController-0.0.0-py3.10.egg-info
[0.643s] running install_scripts
[0.656s] Installing control_node script to /home/mik/robotica2/Project_Robotica/rosPart/install/robotController/lib/robotController
[0.657s] writing list of installed files to '/home/mik/robotica2/Project_Robotica/rosPart/build/robotController/install.log'
[0.672s] Invoked command in '/home/mik/robotica2/Project_Robotica/rosPart/src/robotController' returned '0': PYTHONPATH=/home/mik/robotica2/Project_Robotica/rosPart/build/robotController/prefix_override:/home/mik/robotica2/Project_Robotica/rosPart/install/robotController/lib/python3.10/site-packages:${PYTHONPATH} /usr/bin/python3 -W ignore:setup.py install is deprecated setup.py egg_info --egg-base ../../build/robotController build --build-base /home/mik/robotica2/Project_Robotica/rosPart/build/robotController/build install --record /home/mik/robotica2/Project_Robotica/rosPart/build/robotController/install.log --single-version-externally-managed install_data
