-- Install configuration: ""
-- Up-to-date: /home/mik/denso_ws/install/denso_robot_bringup/share/denso_robot_bringup/config
-- Up-to-date: /home/mik/denso_ws/install/denso_robot_bringup/share/denso_robot_bringup/config/denso_robot_controllers.yaml
-- Up-to-date: /home/mik/denso_ws/install/denso_robot_bringup/share/denso_robot_bringup/config/denso_robot_gazebo_controllers.yaml
-- Up-to-date: /home/mik/denso_ws/install/denso_robot_bringup/share/denso_robot_bringup/launch
-- Up-to-date: /home/mik/denso_ws/install/denso_robot_bringup/share/denso_robot_bringup/launch/denso_robot_bringup.launch.py
-- Up-to-date: /home/mik/denso_ws/install/denso_robot_bringup/share/ament_index/resource_index/package_run_dependencies/denso_robot_bringup
-- Up-to-date: /home/mik/denso_ws/install/denso_robot_bringup/share/ament_index/resource_index/parent_prefix_path/denso_robot_bringup
-- Up-to-date: /home/mik/denso_ws/install/denso_robot_bringup/share/denso_robot_bringup/environment/ament_prefix_path.sh
-- Up-to-date: /home/mik/denso_ws/install/denso_robot_bringup/share/denso_robot_bringup/environment/ament_prefix_path.dsv
-- Up-to-date: /home/mik/denso_ws/install/denso_robot_bringup/share/denso_robot_bringup/environment/path.sh
-- Up-to-date: /home/mik/denso_ws/install/denso_robot_bringup/share/denso_robot_bringup/environment/path.dsv
-- Up-to-date: /home/mik/denso_ws/install/denso_robot_bringup/share/denso_robot_bringup/local_setup.bash
-- Up-to-date: /home/mik/denso_ws/install/denso_robot_bringup/share/denso_robot_bringup/local_setup.sh
-- Up-to-date: /home/mik/denso_ws/install/denso_robot_bringup/share/denso_robot_bringup/local_setup.zsh
-- Up-to-date: /home/mik/denso_ws/install/denso_robot_bringup/share/denso_robot_bringup/local_setup.dsv
-- Installing: /home/mik/denso_ws/install/denso_robot_bringup/share/denso_robot_bringup/package.dsv
-- Up-to-date: /home/mik/denso_ws/install/denso_robot_bringup/share/ament_index/resource_index/packages/denso_robot_bringup
-- Up-to-date: /home/mik/denso_ws/install/denso_robot_bringup/share/denso_robot_bringup/cmake/denso_robot_bringupConfig.cmake
-- Up-to-date: /home/mik/denso_ws/install/denso_robot_bringup/share/denso_robot_bringup/cmake/denso_robot_bringupConfig-version.cmake
-- Up-to-date: /home/mik/denso_ws/install/denso_robot_bringup/share/denso_robot_bringup/package.xml
