-- The C compiler identification is GNU 11.4.0
-- The CXX compiler identification is GNU 11.4.0
-- Detecting C compiler ABI info
-- Detecting C compiler ABI info - done
-- Check for working C compiler: /usr/bin/cc - skipped
-- Detecting C compile features
-- Detecting C compile features - done
-- Detecting CXX compiler ABI info
-- Detecting CXX compiler ABI info - done
-- Check for working CXX compiler: /usr/bin/c++ - skipped
-- Detecting CXX compile features
-- Detecting CXX compile features - done
-- Found ament_cmake: 1.3.8 (/opt/ros/humble/share/ament_cmake/cmake)
-- Found Python3: /usr/bin/python3 (found version "3.10.12") found components: Interpreter 
-- Configuring done
-- Generating done
-- Build files have been written to: /home/mik/denso_ws/build/denso_robot_moveit_config
Built target ament_cmake_python_copy_denso_robot_moveit_config
running egg_info
creating denso_robot_moveit_config.egg-info
writing denso_robot_moveit_config.egg-info/PKG-INFO
writing dependency_links to denso_robot_moveit_config.egg-info/dependency_links.txt
writing top-level names to denso_robot_moveit_config.egg-info/top_level.txt
writing manifest file 'denso_robot_moveit_config.egg-info/SOURCES.txt'
reading manifest file 'denso_robot_moveit_config.egg-info/SOURCES.txt'
writing manifest file 'denso_robot_moveit_config.egg-info/SOURCES.txt'
Built target ament_cmake_python_build_denso_robot_moveit_config_egg
-- Install configuration: ""
-- Installing: /home/mik/denso_ws/install/denso_robot_moveit_config/share/denso_robot_moveit_config/launch
-- Installing: /home/mik/denso_ws/install/denso_robot_moveit_config/share/denso_robot_moveit_config/launch/denso_robot_moveit.launch.py
-- Installing: /home/mik/denso_ws/install/denso_robot_moveit_config/share/denso_robot_moveit_config/config
-- Installing: /home/mik/denso_ws/install/denso_robot_moveit_config/share/denso_robot_moveit_config/config/controllers.yaml
-- Installing: /home/mik/denso_ws/install/denso_robot_moveit_config/share/denso_robot_moveit_config/config/ompl_planning.yaml
-- Installing: /home/mik/denso_ws/install/denso_robot_moveit_config/share/denso_robot_moveit_config/config/denso_robot_servo.yaml
-- Installing: /home/mik/denso_ws/install/denso_robot_moveit_config/share/denso_robot_moveit_config/config/kinematics.yaml
-- Installing: /home/mik/denso_ws/install/denso_robot_moveit_config/share/denso_robot_moveit_config/.setup_assistant
-- Up-to-date: /home/mik/denso_ws/install/denso_robot_moveit_config/share/denso_robot_moveit_config/config
-- Up-to-date: /home/mik/denso_ws/install/denso_robot_moveit_config/share/denso_robot_moveit_config/config/controllers.yaml
-- Up-to-date: /home/mik/denso_ws/install/denso_robot_moveit_config/share/denso_robot_moveit_config/config/ompl_planning.yaml
-- Up-to-date: /home/mik/denso_ws/install/denso_robot_moveit_config/share/denso_robot_moveit_config/config/denso_robot_servo.yaml
-- Up-to-date: /home/mik/denso_ws/install/denso_robot_moveit_config/share/denso_robot_moveit_config/config/kinematics.yaml
-- Installing: /home/mik/denso_ws/install/denso_robot_moveit_config/share/denso_robot_moveit_config/rviz
-- Installing: /home/mik/denso_ws/install/denso_robot_moveit_config/share/denso_robot_moveit_config/rviz/view_robot.rviz
-- Installing: /home/mik/denso_ws/install/denso_robot_moveit_config/share/denso_robot_moveit_config/srdf
-- Installing: /home/mik/denso_ws/install/denso_robot_moveit_config/share/denso_robot_moveit_config/srdf/denso_robot.srdf.xacro
-- Installing: /home/mik/denso_ws/install/denso_robot_moveit_config/share/denso_robot_moveit_config/srdf/denso_robot_macro.srdf.xacro
-- Installing: /home/mik/denso_ws/install/denso_robot_moveit_config/share/denso_robot_moveit_config/environment/pythonpath.sh
-- Installing: /home/mik/denso_ws/install/denso_robot_moveit_config/share/denso_robot_moveit_config/environment/pythonpath.dsv
-- Installing: /home/mik/denso_ws/install/denso_robot_moveit_config/local/lib/python3.10/dist-packages/denso_robot_moveit_config-0.3.0-py3.10.egg-info
-- Installing: /home/mik/denso_ws/install/denso_robot_moveit_config/local/lib/python3.10/dist-packages/denso_robot_moveit_config-0.3.0-py3.10.egg-info/PKG-INFO
-- Installing: /home/mik/denso_ws/install/denso_robot_moveit_config/local/lib/python3.10/dist-packages/denso_robot_moveit_config-0.3.0-py3.10.egg-info/dependency_links.txt
-- Installing: /home/mik/denso_ws/install/denso_robot_moveit_config/local/lib/python3.10/dist-packages/denso_robot_moveit_config-0.3.0-py3.10.egg-info/SOURCES.txt
-- Installing: /home/mik/denso_ws/install/denso_robot_moveit_config/local/lib/python3.10/dist-packages/denso_robot_moveit_config-0.3.0-py3.10.egg-info/top_level.txt
-- Installing: /home/mik/denso_ws/install/denso_robot_moveit_config/local/lib/python3.10/dist-packages/denso_robot_moveit_config
-- Installing: /home/mik/denso_ws/install/denso_robot_moveit_config/local/lib/python3.10/dist-packages/denso_robot_moveit_config/launch_common.py
-- Installing: /home/mik/denso_ws/install/denso_robot_moveit_config/local/lib/python3.10/dist-packages/denso_robot_moveit_config/__init__.py
Listing '/home/mik/denso_ws/install/denso_robot_moveit_config/local/lib/python3.10/dist-packages/denso_robot_moveit_config'...
Compiling '/home/mik/denso_ws/install/denso_robot_moveit_config/local/lib/python3.10/dist-packages/denso_robot_moveit_config/__init__.py'...
Compiling '/home/mik/denso_ws/install/denso_robot_moveit_config/local/lib/python3.10/dist-packages/denso_robot_moveit_config/launch_common.py'...
-- Installing: /home/mik/denso_ws/install/denso_robot_moveit_config/local/lib/python3.10/dist-packages/launch_common.py
Compiling '/home/mik/denso_ws/install/denso_robot_moveit_config/local/lib/python3.10/dist-packages/launch_common.py'...
-- Installing: /home/mik/denso_ws/install/denso_robot_moveit_config/share/ament_index/resource_index/package_run_dependencies/denso_robot_moveit_config
-- Installing: /home/mik/denso_ws/install/denso_robot_moveit_config/share/ament_index/resource_index/parent_prefix_path/denso_robot_moveit_config
-- Installing: /home/mik/denso_ws/install/denso_robot_moveit_config/share/denso_robot_moveit_config/environment/ament_prefix_path.sh
-- Installing: /home/mik/denso_ws/install/denso_robot_moveit_config/share/denso_robot_moveit_config/environment/ament_prefix_path.dsv
-- Installing: /home/mik/denso_ws/install/denso_robot_moveit_config/share/denso_robot_moveit_config/environment/path.sh
-- Installing: /home/mik/denso_ws/install/denso_robot_moveit_config/share/denso_robot_moveit_config/environment/path.dsv
-- Installing: /home/mik/denso_ws/install/denso_robot_moveit_config/share/denso_robot_moveit_config/local_setup.bash
-- Installing: /home/mik/denso_ws/install/denso_robot_moveit_config/share/denso_robot_moveit_config/local_setup.sh
-- Installing: /home/mik/denso_ws/install/denso_robot_moveit_config/share/denso_robot_moveit_config/local_setup.zsh
-- Installing: /home/mik/denso_ws/install/denso_robot_moveit_config/share/denso_robot_moveit_config/local_setup.dsv
-- Installing: /home/mik/denso_ws/install/denso_robot_moveit_config/share/denso_robot_moveit_config/package.dsv
-- Installing: /home/mik/denso_ws/install/denso_robot_moveit_config/share/ament_index/resource_index/packages/denso_robot_moveit_config
-- Installing: /home/mik/denso_ws/install/denso_robot_moveit_config/share/denso_robot_moveit_config/cmake/denso_robot_moveit_configConfig.cmake
-- Installing: /home/mik/denso_ws/install/denso_robot_moveit_config/share/denso_robot_moveit_config/cmake/denso_robot_moveit_configConfig-version.cmake
-- Installing: /home/mik/denso_ws/install/denso_robot_moveit_config/share/denso_robot_moveit_config/package.xml
