-- Install configuration: ""
-- Up-to-date: /home/mik/denso_ws/install/denso_robot_description/share/denso_robot_description/config
-- Up-to-date: /home/mik/denso_ws/install/denso_robot_description/share/denso_robot_description/config/initial_positions.yaml
-- Up-to-date: /home/mik/denso_ws/install/denso_robot_description/share/denso_robot_description/config/.gitkeep
-- Up-to-date: /home/mik/denso_ws/install/denso_robot_description/share/denso_robot_description
-- Up-to-date: /home/mik/denso_ws/install/denso_robot_description/share/denso_robot_description/view_denso_robot.launch.py
-- Up-to-date: /home/mik/denso_ws/install/denso_robot_description/share/denso_robot_description/meshes
-- Up-to-date: /home/mik/denso_ws/install/denso_robot_description/share/denso_robot_description/meshes/denso_robot
-- Up-to-date: /home/mik/denso_ws/install/denso_robot_description/share/denso_robot_description/meshes/denso_robot/visual
-- Up-to-date: /home/mik/denso_ws/install/denso_robot_description/share/denso_robot_description/meshes/denso_robot/visual/right_finger.dae
-- Up-to-date: /home/mik/denso_ws/install/denso_robot_description/share/denso_robot_description/meshes/denso_robot/visual/J1.dae
-- Up-to-date: /home/mik/denso_ws/install/denso_robot_description/share/denso_robot_description/meshes/denso_robot/visual/J6.dae
-- Up-to-date: /home/mik/denso_ws/install/denso_robot_description/share/denso_robot_description/meshes/denso_robot/visual/J5.dae
-- Up-to-date: /home/mik/denso_ws/install/denso_robot_description/share/denso_robot_description/meshes/denso_robot/visual/left_finger.dae
-- Up-to-date: /home/mik/denso_ws/install/denso_robot_description/share/denso_robot_description/meshes/denso_robot/visual/J2.dae
-- Up-to-date: /home/mik/denso_ws/install/denso_robot_description/share/denso_robot_description/meshes/denso_robot/visual/gripper_base.dae
-- Up-to-date: /home/mik/denso_ws/install/denso_robot_description/share/denso_robot_description/meshes/denso_robot/visual/J4.dae
-- Up-to-date: /home/mik/denso_ws/install/denso_robot_description/share/denso_robot_description/meshes/denso_robot/visual/.gitkeep
-- Up-to-date: /home/mik/denso_ws/install/denso_robot_description/share/denso_robot_description/meshes/denso_robot/visual/base_link.dae
-- Up-to-date: /home/mik/denso_ws/install/denso_robot_description/share/denso_robot_description/meshes/denso_robot/visual/J3.dae
-- Up-to-date: /home/mik/denso_ws/install/denso_robot_description/share/denso_robot_description/rviz
-- Up-to-date: /home/mik/denso_ws/install/denso_robot_description/share/denso_robot_description/rviz/denso_robot.rviz
-- Up-to-date: /home/mik/denso_ws/install/denso_robot_description/share/denso_robot_description/urdf
-- Up-to-date: /home/mik/denso_ws/install/denso_robot_description/share/denso_robot_description/urdf/denso_robot
-- Installing: /home/mik/denso_ws/install/denso_robot_description/share/denso_robot_description/urdf/denso_robot/denso_robot_macro.xacro
-- Installing: /home/mik/denso_ws/install/denso_robot_description/share/denso_robot_description/urdf/denso_robot/denso_robot_macro.ros2_control.xacro
-- Up-to-date: /home/mik/denso_ws/install/denso_robot_description/share/denso_robot_description/urdf/denso_robot.urdf.xacro
-- Up-to-date: /home/mik/denso_ws/install/denso_robot_description/share/denso_robot_description/urdf/common.xacro
-- Up-to-date: /home/mik/denso_ws/install/denso_robot_description/share/ament_index/resource_index/package_run_dependencies/denso_robot_description
-- Up-to-date: /home/mik/denso_ws/install/denso_robot_description/share/ament_index/resource_index/parent_prefix_path/denso_robot_description
-- Up-to-date: /home/mik/denso_ws/install/denso_robot_description/share/denso_robot_description/environment/ament_prefix_path.sh
-- Up-to-date: /home/mik/denso_ws/install/denso_robot_description/share/denso_robot_description/environment/ament_prefix_path.dsv
-- Up-to-date: /home/mik/denso_ws/install/denso_robot_description/share/denso_robot_description/environment/path.sh
-- Up-to-date: /home/mik/denso_ws/install/denso_robot_description/share/denso_robot_description/environment/path.dsv
-- Up-to-date: /home/mik/denso_ws/install/denso_robot_description/share/denso_robot_description/local_setup.bash
-- Up-to-date: /home/mik/denso_ws/install/denso_robot_description/share/denso_robot_description/local_setup.sh
-- Up-to-date: /home/mik/denso_ws/install/denso_robot_description/share/denso_robot_description/local_setup.zsh
-- Up-to-date: /home/mik/denso_ws/install/denso_robot_description/share/denso_robot_description/local_setup.dsv
-- Installing: /home/mik/denso_ws/install/denso_robot_description/share/denso_robot_description/package.dsv
-- Up-to-date: /home/mik/denso_ws/install/denso_robot_description/share/ament_index/resource_index/packages/denso_robot_description
-- Up-to-date: /home/mik/denso_ws/install/denso_robot_description/share/denso_robot_description/cmake/denso_robot_descriptionConfig.cmake
-- Up-to-date: /home/mik/denso_ws/install/denso_robot_description/share/denso_robot_description/cmake/denso_robot_descriptionConfig-version.cmake
-- Up-to-date: /home/mik/denso_ws/install/denso_robot_description/share/denso_robot_description/package.xml
