[0.012s] Invoking command in '/home/mik/denso_ws/build/denso_robot_description': CMAKE_PREFIX_PATH=${CMAKE_PREFIX_PATH}:/opt/ros/humble /usr/bin/cmake --build /home/mik/denso_ws/build/denso_robot_description -- -j8 -l8
[0.038s] Invoked command in '/home/mik/denso_ws/build/denso_robot_description' returned '0': CMAKE_PREFIX_PATH=${CMAKE_PREFIX_PATH}:/opt/ros/humble /usr/bin/cmake --build /home/mik/denso_ws/build/denso_robot_description -- -j8 -l8
[0.065s] Invoking command in '/home/mik/denso_ws/build/denso_robot_description': CMAKE_PREFIX_PATH=${CMAKE_PREFIX_PATH}:/opt/ros/humble /usr/bin/cmake --install /home/mik/denso_ws/build/denso_robot_description
[0.072s] -- Install configuration: ""
[0.072s] -- Up-to-date: /home/mik/denso_ws/install/denso_robot_description/share/denso_robot_description/config
[0.072s] -- Up-to-date: /home/mik/denso_ws/install/denso_robot_description/share/denso_robot_description/config/initial_positions.yaml
[0.072s] -- Up-to-date: /home/mik/denso_ws/install/denso_robot_description/share/denso_robot_description/config/.gitkeep
[0.072s] -- Up-to-date: /home/mik/denso_ws/install/denso_robot_description/share/denso_robot_description
[0.072s] -- Up-to-date: /home/mik/denso_ws/install/denso_robot_description/share/denso_robot_description/view_denso_robot.launch.py
[0.072s] -- Up-to-date: /home/mik/denso_ws/install/denso_robot_description/share/denso_robot_description/meshes
[0.073s] -- Up-to-date: /home/mik/denso_ws/install/denso_robot_description/share/denso_robot_description/meshes/denso_robot
[0.073s] -- Up-to-date: /home/mik/denso_ws/install/denso_robot_description/share/denso_robot_description/meshes/denso_robot/visual
[0.073s] -- Up-to-date: /home/mik/denso_ws/install/denso_robot_description/share/denso_robot_description/meshes/denso_robot/visual/J1.dae
[0.073s] -- Up-to-date: /home/mik/denso_ws/install/denso_robot_description/share/denso_robot_description/meshes/denso_robot/visual/J6.dae
[0.073s] -- Up-to-date: /home/mik/denso_ws/install/denso_robot_description/share/denso_robot_description/meshes/denso_robot/visual/J5.dae
[0.073s] -- Up-to-date: /home/mik/denso_ws/install/denso_robot_description/share/denso_robot_description/meshes/denso_robot/visual/J2.dae
[0.073s] -- Up-to-date: /home/mik/denso_ws/install/denso_robot_description/share/denso_robot_description/meshes/denso_robot/visual/J4.dae
[0.075s] -- Up-to-date: /home/mik/denso_ws/install/denso_robot_description/share/denso_robot_description/meshes/denso_robot/visual/.gitkeep
[0.075s] -- Up-to-date: /home/mik/denso_ws/install/denso_robot_description/share/denso_robot_description/meshes/denso_robot/visual/base_link.dae
[0.075s] -- Up-to-date: /home/mik/denso_ws/install/denso_robot_description/share/denso_robot_description/meshes/denso_robot/visual/J3.dae
[0.075s] -- Up-to-date: /home/mik/denso_ws/install/denso_robot_description/share/denso_robot_description/rviz
[0.075s] -- Up-to-date: /home/mik/denso_ws/install/denso_robot_description/share/denso_robot_description/rviz/denso_robot.rviz
[0.075s] -- Up-to-date: /home/mik/denso_ws/install/denso_robot_description/share/denso_robot_description/urdf
[0.076s] -- Up-to-date: /home/mik/denso_ws/install/denso_robot_description/share/denso_robot_description/urdf/denso_robot
[0.076s] -- Installing: /home/mik/denso_ws/install/denso_robot_description/share/denso_robot_description/urdf/denso_robot/denso_robot_macro.xacro
[0.076s] -- Up-to-date: /home/mik/denso_ws/install/denso_robot_description/share/denso_robot_description/urdf/denso_robot/denso_robot_macro.ros2_control.xacro
[0.076s] -- Up-to-date: /home/mik/denso_ws/install/denso_robot_description/share/denso_robot_description/urdf/denso_robot.urdf.xacro
[0.076s] -- Up-to-date: /home/mik/denso_ws/install/denso_robot_description/share/denso_robot_description/urdf/common.xacro
[0.076s] -- Up-to-date: /home/mik/denso_ws/install/denso_robot_description/share/ament_index/resource_index/package_run_dependencies/denso_robot_description
[0.076s] -- Up-to-date: /home/mik/denso_ws/install/denso_robot_description/share/ament_index/resource_index/parent_prefix_path/denso_robot_description
[0.076s] -- Up-to-date: /home/mik/denso_ws/install/denso_robot_description/share/denso_robot_description/environment/ament_prefix_path.sh
[0.076s] -- Up-to-date: /home/mik/denso_ws/install/denso_robot_description/share/denso_robot_description/environment/ament_prefix_path.dsv
[0.076s] -- Up-to-date: /home/mik/denso_ws/install/denso_robot_description/share/denso_robot_description/environment/path.sh
[0.076s] -- Up-to-date: /home/mik/denso_ws/install/denso_robot_description/share/denso_robot_description/environment/path.dsv
[0.076s] -- Up-to-date: /home/mik/denso_ws/install/denso_robot_description/share/denso_robot_description/local_setup.bash
[0.076s] -- Up-to-date: /home/mik/denso_ws/install/denso_robot_description/share/denso_robot_description/local_setup.sh
[0.076s] -- Up-to-date: /home/mik/denso_ws/install/denso_robot_description/share/denso_robot_description/local_setup.zsh
[0.076s] -- Up-to-date: /home/mik/denso_ws/install/denso_robot_description/share/denso_robot_description/local_setup.dsv
[0.076s] -- Installing: /home/mik/denso_ws/install/denso_robot_description/share/denso_robot_description/package.dsv
[0.077s] -- Up-to-date: /home/mik/denso_ws/install/denso_robot_description/share/ament_index/resource_index/packages/denso_robot_description
[0.077s] -- Up-to-date: /home/mik/denso_ws/install/denso_robot_description/share/denso_robot_description/cmake/denso_robot_descriptionConfig.cmake
[0.077s] -- Up-to-date: /home/mik/denso_ws/install/denso_robot_description/share/denso_robot_description/cmake/denso_robot_descriptionConfig-version.cmake
[0.077s] -- Up-to-date: /home/mik/denso_ws/install/denso_robot_description/share/denso_robot_description/package.xml
[0.077s] Invoked command in '/home/mik/denso_ws/build/denso_robot_description' returned '0': CMAKE_PREFIX_PATH=${CMAKE_PREFIX_PATH}:/opt/ros/humble /usr/bin/cmake --install /home/mik/denso_ws/build/denso_robot_description
